<!DOCTYPE html>

<html>
  <head>
  <meta charset='utf-8'>
  <title>TestNG reports</title>

    <link type="text/css" href="testng-reports.css" rel="stylesheet" />
    <script type="text/javascript" src="jquery-1.7.1.min.js"></script>
    <script type="text/javascript" src="testng-reports.js"></script>
    <script type="text/javascript" src="https://www.google.com/jsapi"></script>
    <script type='text/javascript'>
      google.load('visualization', '1', {packages:['table']});
      google.setOnLoadCallback(drawTable);
      var suiteTableInitFunctions = new Array();
      var suiteTableData = new Array();
    </script>
    <!--
      <script type="text/javascript" src="jquery-ui/js/jquery-ui-1.8.16.custom.min.js"></script>
     -->
  </head>

  <body>
    <div class="top-banner-root">
      <span class="top-banner-title-font">Test results</span>
      <br/>
      <span class="top-banner-font-1">2 suites, 15 failed tests</span>
    </div> <!-- top-banner-root -->
    <div class="navigator-root">
      <div class="navigator-suite-header">
        <span>All suites</span>
        <a href="#" title="Collapse/expand all the suites" class="collapse-all-link">
          <img src="collapseall.gif" class="collapse-all-icon">
          </img> <!-- collapse-all-icon -->
        </a> <!-- collapse-all-link -->
      </div> <!-- navigator-suite-header -->
      <div class="suite">
        <div class="rounded-window">
          <div class="suite-header light-rounded-window-top">
            <a href="#" panel-name="suite-Suite" class="navigator-link">
              <span class="suite-name border-failed">Suite</span>
            </a> <!-- navigator-link -->
          </div> <!-- suite-header light-rounded-window-top -->
          <div class="navigator-suite-content">
            <div class="suite-section-title">
              <span>Info</span>
            </div> <!-- suite-section-title -->
            <div class="suite-section-content">
              <ul>
                <li>
                  <a href="#" panel-name="test-xml-Suite" class="navigator-link ">
                    <span>D:\software training\QEA\Hackathon\final\identifycourses\smoke.xml</span>
                  </a> <!-- navigator-link  -->
                </li>
                <li>
                  <a href="#" panel-name="testlist-Suite" class="navigator-link ">
                    <span class="test-stats">1 test</span>
                  </a> <!-- navigator-link  -->
                </li>
                <li>
                  <a href="#" panel-name="group-Suite" class="navigator-link ">
                    <span>1 group</span>
                  </a> <!-- navigator-link  -->
                </li>
                <li>
                  <a href="#" panel-name="times-Suite" class="navigator-link ">
                    <span>Times</span>
                  </a> <!-- navigator-link  -->
                </li>
                <li>
                  <a href="#" panel-name="reporter-Suite" class="navigator-link ">
                    <span>Reporter output</span>
                  </a> <!-- navigator-link  -->
                </li>
                <li>
                  <a href="#" panel-name="ignored-methods-Suite" class="navigator-link ">
                    <span>Ignored methods</span>
                  </a> <!-- navigator-link  -->
                </li>
                <li>
                  <a href="#" panel-name="chronological-Suite" class="navigator-link ">
                    <span>Chronological view</span>
                  </a> <!-- navigator-link  -->
                </li>
              </ul>
            </div> <!-- suite-section-content -->
            <div class="result-section">
              <div class="suite-section-title">
                <span>Results</span>
              </div> <!-- suite-section-title -->
              <div class="suite-section-content">
                <ul>
                  <li>
                    <span class="method-stats">11 methods, 2 failed,   9 passed</span>
                  </li>
                  <li>
                    <span class="method-list-title failed">Failed methods</span>
                    <span class="show-or-hide-methods failed">
                      <a href="#" panel-name="suite-Suite" class="hide-methods failed suite-Suite"> (hide)</a> <!-- hide-methods failed suite-Suite -->
                      <a href="#" panel-name="suite-Suite" class="show-methods failed suite-Suite"> (show)</a> <!-- show-methods failed suite-Suite -->
                    </span>
                    <div class="method-list-content failed suite-Suite">
                      <span>
                        <img src="failed.png" width="3%"/>
                        <a href="#" panel-name="suite-Suite" title="com.coursera.org.Test.FormFillingTestWithValidData" class="method navigator-link" hash-for-method="testLocateFormForSmokeTest">testLocateFormForSmokeTest</a> <!-- method navigator-link -->
                      </span>
                      <br/>
                      <span>
                        <img src="failed.png" width="3%"/>
                        <a href="#" panel-name="suite-Suite" title="com.coursera.org.Test.FormFillingTestWithValidData" class="method navigator-link" hash-for-method="testPassValidDetails">testPassValidDetails</a> <!-- method navigator-link -->
                      </span>
                      <br/>
                    </div> <!-- method-list-content failed suite-Suite -->
                  </li>
                  <li>
                    <span class="method-list-title passed">Passed methods</span>
                    <span class="show-or-hide-methods passed">
                      <a href="#" panel-name="suite-Suite" class="hide-methods passed suite-Suite"> (hide)</a> <!-- hide-methods passed suite-Suite -->
                      <a href="#" panel-name="suite-Suite" class="show-methods passed suite-Suite"> (show)</a> <!-- show-methods passed suite-Suite -->
                    </span>
                    <div class="method-list-content passed suite-Suite">
                      <span>
                        <img src="passed.png" width="3%"/>
                        <a href="#" panel-name="suite-Suite" title="com.coursera.org.Test.IdentifyCoursesTest$validateIdentifyCourses" class="method navigator-link" hash-for-method="returnHomePage">returnHomePage</a> <!-- method navigator-link -->
                      </span>
                      <br/>
                      <span>
                        <img src="passed.png" width="3%"/>
                        <a href="#" panel-name="suite-Suite" title="com.coursera.org.Test.IdentifyCoursesTest$validateIdentifyCourses" class="method navigator-link" hash-for-method="testApplyLanguagefilterAsEnglish">testApplyLanguagefilterAsEnglish</a> <!-- method navigator-link -->
                      </span>
                      <br/>
                      <span>
                        <img src="passed.png" width="3%"/>
                        <a href="#" panel-name="suite-Suite" title="com.coursera.org.Test.IdentifyCoursesTest$validateIdentifyCourses" class="method navigator-link" hash-for-method="testApplyLevelfilterAsBeginner">testApplyLevelfilterAsBeginner</a> <!-- method navigator-link -->
                      </span>
                      <br/>
                      <span>
                        <img src="passed.png" width="3%"/>
                        <a href="#" panel-name="suite-Suite" title="com.coursera.org.Test.IdentifyCoursesTest$validateIdentifyCourses" class="method navigator-link" hash-for-method="testFetchFirstCourseDetails">testFetchFirstCourseDetails</a> <!-- method navigator-link -->
                      </span>
                      <br/>
                      <span>
                        <img src="passed.png" width="3%"/>
                        <a href="#" panel-name="suite-Suite" title="com.coursera.org.Test.IdentifyCoursesTest$validateIdentifyCourses" class="method navigator-link" hash-for-method="testFetchSecondCourseDetails">testFetchSecondCourseDetails</a> <!-- method navigator-link -->
                      </span>
                      <br/>
                      <span>
                        <img src="passed.png" width="3%"/>
                        <a href="#" panel-name="suite-Suite" title="com.coursera.org.Test.LanguageLearningCourseCountTest" class="method navigator-link" hash-for-method="testLanguageFilterAndPrintingValuesInExcel">testLanguageFilterAndPrintingValuesInExcel</a> <!-- method navigator-link -->
                      </span>
                      <br/>
                      <span>
                        <img src="passed.png" width="3%"/>
                        <a href="#" panel-name="suite-Suite" title="com.coursera.org.Test.LanguageLearningCourseCountTest" class="method navigator-link" hash-for-method="testLevelFilterAndPrintingValuesInExcel">testLevelFilterAndPrintingValuesInExcel</a> <!-- method navigator-link -->
                      </span>
                      <br/>
                      <span>
                        <img src="passed.png" width="3%"/>
                        <a href="#" panel-name="suite-Suite" title="com.coursera.org.Test.LanguageLearningCourseCountTest" class="method navigator-link" hash-for-method="testLoadLanguageLearningPage">testLoadLanguageLearningPage</a> <!-- method navigator-link -->
                      </span>
                      <br/>
                      <span>
                        <img src="passed.png" width="3%"/>
                        <a href="#" panel-name="suite-Suite" title="com.coursera.org.Test.IdentifyCoursesTest$validateIdentifyCourses" class="method navigator-link" hash-for-method="testSearchingWebDevelopmentCourse">testSearchingWebDevelopmentCourse</a> <!-- method navigator-link -->
                      </span>
                      <br/>
                    </div> <!-- method-list-content passed suite-Suite -->
                  </li>
                </ul>
              </div> <!-- suite-section-content -->
            </div> <!-- result-section -->
          </div> <!-- navigator-suite-content -->
        </div> <!-- rounded-window -->
      </div> <!-- suite -->
      <div class="suite">
        <div class="rounded-window">
          <div class="suite-header light-rounded-window-top">
            <a href="#" panel-name="suite-Suite_(0)" class="navigator-link">
              <span class="suite-name border-failed">Suite (0)</span>
            </a> <!-- navigator-link -->
          </div> <!-- suite-header light-rounded-window-top -->
          <div class="navigator-suite-content">
            <div class="suite-section-title">
              <span>Info</span>
            </div> <!-- suite-section-title -->
            <div class="suite-section-content">
              <ul>
                <li>
                  <a href="#" panel-name="test-xml-Suite_(0)" class="navigator-link ">
                    <span>D:\software training\QEA\Hackathon\final\identifycourses\regression.xml</span>
                  </a> <!-- navigator-link  -->
                </li>
                <li>
                  <a href="#" panel-name="testlist-Suite_(0)" class="navigator-link ">
                    <span class="test-stats">1 test</span>
                  </a> <!-- navigator-link  -->
                </li>
                <li>
                  <a href="#" panel-name="group-Suite_(0)" class="navigator-link ">
                    <span>1 group</span>
                  </a> <!-- navigator-link  -->
                </li>
                <li>
                  <a href="#" panel-name="times-Suite_(0)" class="navigator-link ">
                    <span>Times</span>
                  </a> <!-- navigator-link  -->
                </li>
                <li>
                  <a href="#" panel-name="reporter-Suite_(0)" class="navigator-link ">
                    <span>Reporter output</span>
                  </a> <!-- navigator-link  -->
                </li>
                <li>
                  <a href="#" panel-name="ignored-methods-Suite_(0)" class="navigator-link ">
                    <span>Ignored methods</span>
                  </a> <!-- navigator-link  -->
                </li>
                <li>
                  <a href="#" panel-name="chronological-Suite_(0)" class="navigator-link ">
                    <span>Chronological view</span>
                  </a> <!-- navigator-link  -->
                </li>
              </ul>
            </div> <!-- suite-section-content -->
            <div class="result-section">
              <div class="suite-section-title">
                <span>Results</span>
              </div> <!-- suite-section-title -->
              <div class="suite-section-content">
                <ul>
                  <li>
                    <span class="method-stats">13 methods, 13 failed,   </span>
                  </li>
                  <li>
                    <span class="method-list-title failed">Failed methods</span>
                    <span class="show-or-hide-methods failed">
                      <a href="#" panel-name="suite-Suite_(0)" class="hide-methods failed suite-Suite_(0)"> (hide)</a> <!-- hide-methods failed suite-Suite_(0) -->
                      <a href="#" panel-name="suite-Suite_(0)" class="show-methods failed suite-Suite_(0)"> (show)</a> <!-- show-methods failed suite-Suite_(0) -->
                    </span>
                    <div class="method-list-content failed suite-Suite_(0)">
                      <span>
                        <img src="failed.png" width="3%"/>
                        <a href="#" panel-name="suite-Suite_(0)" title="com.coursera.org.Test.FormFillingTestWithInvalidData" class="method navigator-link" hash-for-method="testLocateFormForRegressionTest">testLocateFormForRegressionTest</a> <!-- method navigator-link -->
                      </span>
                      <br/>
                      <span>
                        <img src="failed.png" width="3%"/>
                        <a href="#" panel-name="suite-Suite_(0)" title="com.coursera.org.Test.FormFillingTestWithInvalidData" class="method navigator-link" hash-for-method="testPassingInvalidDataIntoForm(, Vijay, Dean, Programmer, webster75@example.com, 916127938339, IIT Madras, Government, Computer Sci...)">testPassingInvalidDataIntoForm(, Vijay, Dean, Programmer, webster75@example.com, 916127938339, IIT Madras, Government, Computer Sci...)</a> <!-- method navigator-link -->
                      </span>
                      <br/>
                      <span>
                        <img src="failed.png" width="3%"/>
                        <a href="#" panel-name="suite-Suite_(0)" title="com.coursera.org.Test.FormFillingTestWithInvalidData" class="method navigator-link" hash-for-method="testPassingInvalidDataIntoForm(Ajith, Vijay, Dean, Programmer, , 916127938339, IIT Madras, Government, Computer Science, India, Tam...)">testPassingInvalidDataIntoForm(Ajith, Vijay, Dean, Programmer, , 916127938339, IIT Madras, Government, Computer Science, India, Tam...)</a> <!-- method navigator-link -->
                      </span>
                      <br/>
                      <span>
                        <img src="failed.png" width="3%"/>
                        <a href="#" panel-name="suite-Suite_(0)" title="com.coursera.org.Test.FormFillingTestWithInvalidData" class="method navigator-link" hash-for-method="testPassingInvalidDataIntoForm(Ajith, , Dean, Programmer, webster75@example.com, 916127938339, IIT Madras, Government, Computer Sci...)">testPassingInvalidDataIntoForm(Ajith, , Dean, Programmer, webster75@example.com, 916127938339, IIT Madras, Government, Computer Sci...)</a> <!-- method navigator-link -->
                      </span>
                      <br/>
                      <span>
                        <img src="failed.png" width="3%"/>
                        <a href="#" panel-name="suite-Suite_(0)" title="com.coursera.org.Test.FormFillingTestWithInvalidData" class="method navigator-link" hash-for-method="testPassingInvalidDataIntoForm(Ajith, Vijay, Dean, Programmer, webster75@example.com, 916127938339, IIT Madras, Government, Compute...)">testPassingInvalidDataIntoForm(Ajith, Vijay, Dean, Programmer, webster75@example.com, 916127938339, IIT Madras, Government, Compute...)</a> <!-- method navigator-link -->
                      </span>
                      <br/>
                      <span>
                        <img src="failed.png" width="3%"/>
                        <a href="#" panel-name="suite-Suite_(0)" title="com.coursera.org.Test.FormFillingTestWithInvalidData" class="method navigator-link" hash-for-method="testPassingInvalidDataIntoForm(Ajith, Vijay, Dean, , webster75@example.com, 916127938339, IIT Madras, Government, Computer Science,...)">testPassingInvalidDataIntoForm(Ajith, Vijay, Dean, , webster75@example.com, 916127938339, IIT Madras, Government, Computer Science,...)</a> <!-- method navigator-link -->
                      </span>
                      <br/>
                      <span>
                        <img src="failed.png" width="3%"/>
                        <a href="#" panel-name="suite-Suite_(0)" title="com.coursera.org.Test.FormFillingTestWithInvalidData" class="method navigator-link" hash-for-method="testPassingInvalidDataIntoForm(Ajith, Vijay, Dean, Programmer, webster75@example.com, 916127938339, IIT Madras, Select..., Computer...)">testPassingInvalidDataIntoForm(Ajith, Vijay, Dean, Programmer, webster75@example.com, 916127938339, IIT Madras, Select..., Computer...)</a> <!-- method navigator-link -->
                      </span>
                      <br/>
                      <span>
                        <img src="failed.png" width="3%"/>
                        <a href="#" panel-name="suite-Suite_(0)" title="com.coursera.org.Test.FormFillingTestWithInvalidData" class="method navigator-link" hash-for-method="testPassingInvalidDataIntoForm(Ajith, Vijay, Dean, Programmer, webster75@example.com, 916127938339, IIT Madras, Government, Select....)">testPassingInvalidDataIntoForm(Ajith, Vijay, Dean, Programmer, webster75@example.com, 916127938339, IIT Madras, Government, Select....)</a> <!-- method navigator-link -->
                      </span>
                      <br/>
                      <span>
                        <img src="failed.png" width="3%"/>
                        <a href="#" panel-name="suite-Suite_(0)" title="com.coursera.org.Test.FormFillingTestWithInvalidData" class="method navigator-link" hash-for-method="testPassingInvalidDataIntoForm(Ajith, Vijay, Dean, Programmer, webster75@example.com, 916127938339, IIT Madras, Government, Compute...)">testPassingInvalidDataIntoForm(Ajith, Vijay, Dean, Programmer, webster75@example.com, 916127938339, IIT Madras, Government, Compute...)</a> <!-- method navigator-link -->
                      </span>
                      <br/>
                      <span>
                        <img src="failed.png" width="3%"/>
                        <a href="#" panel-name="suite-Suite_(0)" title="com.coursera.org.Test.FormFillingTestWithInvalidData" class="method navigator-link" hash-for-method="testPassingInvalidDataIntoForm(Ajith, Vijay, Dean, Programmer, webster75@example.com, 916127938339, IIT Madras, Government, Compute...)">testPassingInvalidDataIntoForm(Ajith, Vijay, Dean, Programmer, webster75@example.com, 916127938339, IIT Madras, Government, Compute...)</a> <!-- method navigator-link -->
                      </span>
                      <br/>
                      <span>
                        <img src="failed.png" width="3%"/>
                        <a href="#" panel-name="suite-Suite_(0)" title="com.coursera.org.Test.FormFillingTestWithInvalidData" class="method navigator-link" hash-for-method="testPassingInvalidDataIntoForm(Ajith, Vijay, Dean, Programmer, webster75@example.com, , IIT Madras, Government, Computer Science, I...)">testPassingInvalidDataIntoForm(Ajith, Vijay, Dean, Programmer, webster75@example.com, , IIT Madras, Government, Computer Science, I...)</a> <!-- method navigator-link -->
                      </span>
                      <br/>
                      <span>
                        <img src="failed.png" width="3%"/>
                        <a href="#" panel-name="suite-Suite_(0)" title="com.coursera.org.Test.FormFillingTestWithInvalidData" class="method navigator-link" hash-for-method="testPassingInvalidDataIntoForm(Ajith, Vijay, Select..., Programmer, webster75@example.com, 916127938339, IIT Madras, Government, Co...)">testPassingInvalidDataIntoForm(Ajith, Vijay, Select..., Programmer, webster75@example.com, 916127938339, IIT Madras, Government, Co...)</a> <!-- method navigator-link -->
                      </span>
                      <br/>
                      <span>
                        <img src="failed.png" width="3%"/>
                        <a href="#" panel-name="suite-Suite_(0)" title="com.coursera.org.Test.FormFillingTestWithInvalidData" class="method navigator-link" hash-for-method="testPassingInvalidDataIntoForm(Ajith, Vijay, Dean, Programmer, webster75@example.com, 916127938339, , Government, Computer Science,...)">testPassingInvalidDataIntoForm(Ajith, Vijay, Dean, Programmer, webster75@example.com, 916127938339, , Government, Computer Science,...)</a> <!-- method navigator-link -->
                      </span>
                      <br/>
                    </div> <!-- method-list-content failed suite-Suite_(0) -->
                  </li>
                </ul>
              </div> <!-- suite-section-content -->
            </div> <!-- result-section -->
          </div> <!-- navigator-suite-content -->
        </div> <!-- rounded-window -->
      </div> <!-- suite -->
    </div> <!-- navigator-root -->
    <div class="wrapper">
      <div class="main-panel-root">
        <div panel-name="suite-Suite" class="panel Suite">
          <div class="suite-Suite-class-failed">
            <div class="main-panel-header rounded-window-top">
              <img src="failed.png"/>
              <span class="class-name">com.coursera.org.Test.FormFillingTestWithValidData</span>
            </div> <!-- main-panel-header rounded-window-top -->
            <div class="main-panel-content rounded-window-bottom">
              <div class="method">
                <div class="method-content">
                  <a name="testLocateFormForSmokeTest">
                  </a> <!-- testLocateFormForSmokeTest -->
                  <span class="method-name">testLocateFormForSmokeTest</span>
                  <div class="stack-trace">org.openqa.selenium.TimeoutException: timeout: Timed out receiving message from renderer: 10.000
  (Session info: chrome=94.0.4606.61)
Build info: version: &apos;3.141.59&apos;, revision: &apos;e82be7d358&apos;, time: &apos;2018-11-14T08:17:03&apos;
System info: host: &apos;KARAN&apos;, ip: &apos;192.168.0.9&apos;, os.name: &apos;Windows 10&apos;, os.arch: &apos;amd64&apos;, os.version: &apos;10.0&apos;, java.version: &apos;16.0.1&apos;
Driver info: org.openqa.selenium.chrome.ChromeDriver
Capabilities {acceptInsecureCerts: false, browserName: chrome, browserVersion: 94.0.4606.61, chrome: {chromedriverVersion: 94.0.4606.41 (333e85df3c9b6..., userDataDir: C:\Users\karan\AppData\Loca...}, goog:chromeOptions: {debuggerAddress: localhost:62069}, javascriptEnabled: true, networkConnectionEnabled: false, pageLoadStrategy: normal, platform: WINDOWS, platformName: WINDOWS, proxy: Proxy(), setWindowRect: true, strictFileInteractability: false, timeouts: {implicit: 0, pageLoad: 300000, script: 30000}, unhandledPromptBehavior: dismiss and notify, webauthn:extension:credBlob: true, webauthn:extension:largeBlob: true, webauthn:virtualAuthenticators: true}
Session ID: a128aad1714cd3b20e0e37627ff36564
	at org.openqa.selenium.remote.http.W3CHttpResponseCodec.createException(W3CHttpResponseCodec.java:187)
	at org.openqa.selenium.remote.http.W3CHttpResponseCodec.decode(W3CHttpResponseCodec.java:122)
	at org.openqa.selenium.remote.http.W3CHttpResponseCodec.decode(W3CHttpResponseCodec.java:49)
	at org.openqa.selenium.remote.HttpCommandExecutor.execute(HttpCommandExecutor.java:158)
	at org.openqa.selenium.remote.service.DriverCommandExecutor.execute(DriverCommandExecutor.java:83)
	at org.openqa.selenium.remote.RemoteWebDriver.execute(RemoteWebDriver.java:552)
	at org.openqa.selenium.remote.RemoteWebElement.execute(RemoteWebElement.java:285)
	at org.openqa.selenium.remote.RemoteWebElement.click(RemoteWebElement.java:84)
	at com.coursera.org.Functions.FormFillingFunctionality.locateForm(FormFillingFunctionality.java:33)
	at com.coursera.org.Test.FormFillingTestWithValidData.testLocateFormForSmokeTest(FormFillingTestWithValidData.java:25)
... Removed 34 stack frames
</div> <!-- stack-trace -->
                </div> <!-- method-content -->
              </div> <!-- method -->
              <div class="method">
                <div class="method-content">
                  <a name="testPassValidDetails">
                  </a> <!-- testPassValidDetails -->
                  <span class="method-name">testPassValidDetails</span>
                  <div class="stack-trace">org.openqa.selenium.NoSuchElementException: no such element: Unable to locate element: {&quot;method&quot;:&quot;css selector&quot;,&quot;selector&quot;:&quot;#FirstName&quot;}
  (Session info: chrome=94.0.4606.61)
For documentation on this error, please visit: https://www.seleniumhq.org/exceptions/no_such_element.html
Build info: version: &apos;3.141.59&apos;, revision: &apos;e82be7d358&apos;, time: &apos;2018-11-14T08:17:03&apos;
System info: host: &apos;KARAN&apos;, ip: &apos;192.168.0.9&apos;, os.name: &apos;Windows 10&apos;, os.arch: &apos;amd64&apos;, os.version: &apos;10.0&apos;, java.version: &apos;16.0.1&apos;
Driver info: org.openqa.selenium.chrome.ChromeDriver
Capabilities {acceptInsecureCerts: false, browserName: chrome, browserVersion: 94.0.4606.61, chrome: {chromedriverVersion: 94.0.4606.41 (333e85df3c9b6..., userDataDir: C:\Users\karan\AppData\Loca...}, goog:chromeOptions: {debuggerAddress: localhost:62069}, javascriptEnabled: true, networkConnectionEnabled: false, pageLoadStrategy: normal, platform: WINDOWS, platformName: WINDOWS, proxy: Proxy(), setWindowRect: true, strictFileInteractability: false, timeouts: {implicit: 0, pageLoad: 300000, script: 30000}, unhandledPromptBehavior: dismiss and notify, webauthn:extension:credBlob: true, webauthn:extension:largeBlob: true, webauthn:virtualAuthenticators: true}
Session ID: a128aad1714cd3b20e0e37627ff36564
*** Element info: {Using=id, value=FirstName}
	at org.openqa.selenium.remote.http.W3CHttpResponseCodec.createException(W3CHttpResponseCodec.java:187)
	at org.openqa.selenium.remote.http.W3CHttpResponseCodec.decode(W3CHttpResponseCodec.java:122)
	at org.openqa.selenium.remote.http.W3CHttpResponseCodec.decode(W3CHttpResponseCodec.java:49)
	at org.openqa.selenium.remote.HttpCommandExecutor.execute(HttpCommandExecutor.java:158)
	at org.openqa.selenium.remote.service.DriverCommandExecutor.execute(DriverCommandExecutor.java:83)
	at org.openqa.selenium.remote.RemoteWebDriver.execute(RemoteWebDriver.java:552)
	at org.openqa.selenium.remote.RemoteWebDriver.findElement(RemoteWebDriver.java:323)
	at org.openqa.selenium.remote.RemoteWebDriver.findElementById(RemoteWebDriver.java:372)
	at org.openqa.selenium.By$ById.findElement(By.java:188)
	at org.openqa.selenium.remote.RemoteWebDriver.findElement(RemoteWebDriver.java:315)
	at com.coursera.org.Functions.FormFillingFunctionality.fillFirst_name(FormFillingFunctionality.java:64)
	at com.coursera.org.Functions.FormFillingFunctionality.fillAllValues(FormFillingFunctionality.java:282)
	at com.coursera.org.Test.FormFillingTestWithValidData.testPassValidDetails(FormFillingTestWithValidData.java:43)
... Removed 34 stack frames
</div> <!-- stack-trace -->
                </div> <!-- method-content -->
              </div> <!-- method -->
            </div> <!-- main-panel-content rounded-window-bottom -->
          </div> <!-- suite-Suite-class-failed -->
          <div class="suite-Suite-class-passed">
            <div class="main-panel-header rounded-window-top">
              <img src="passed.png"/>
              <span class="class-name">com.coursera.org.Test.IdentifyCoursesTest$validateIdentifyCourses</span>
            </div> <!-- main-panel-header rounded-window-top -->
            <div class="main-panel-content rounded-window-bottom">
              <div class="method">
                <div class="method-content">
                  <a name="returnHomePage">
                  </a> <!-- returnHomePage -->
                  <span class="method-name">returnHomePage</span>
                </div> <!-- method-content -->
              </div> <!-- method -->
              <div class="method">
                <div class="method-content">
                  <a name="testApplyLanguagefilterAsEnglish">
                  </a> <!-- testApplyLanguagefilterAsEnglish -->
                  <span class="method-name">testApplyLanguagefilterAsEnglish</span>
                </div> <!-- method-content -->
              </div> <!-- method -->
              <div class="method">
                <div class="method-content">
                  <a name="testApplyLevelfilterAsBeginner">
                  </a> <!-- testApplyLevelfilterAsBeginner -->
                  <span class="method-name">testApplyLevelfilterAsBeginner</span>
                </div> <!-- method-content -->
              </div> <!-- method -->
              <div class="method">
                <div class="method-content">
                  <a name="testFetchFirstCourseDetails">
                  </a> <!-- testFetchFirstCourseDetails -->
                  <span class="method-name">testFetchFirstCourseDetails</span>
                </div> <!-- method-content -->
              </div> <!-- method -->
              <div class="method">
                <div class="method-content">
                  <a name="testFetchSecondCourseDetails">
                  </a> <!-- testFetchSecondCourseDetails -->
                  <span class="method-name">testFetchSecondCourseDetails</span>
                </div> <!-- method-content -->
              </div> <!-- method -->
              <div class="method">
                <div class="method-content">
                  <a name="testSearchingWebDevelopmentCourse">
                  </a> <!-- testSearchingWebDevelopmentCourse -->
                  <span class="method-name">testSearchingWebDevelopmentCourse</span>
                </div> <!-- method-content -->
              </div> <!-- method -->
            </div> <!-- main-panel-content rounded-window-bottom -->
          </div> <!-- suite-Suite-class-passed -->
          <div class="suite-Suite-class-passed">
            <div class="main-panel-header rounded-window-top">
              <img src="passed.png"/>
              <span class="class-name">com.coursera.org.Test.LanguageLearningCourseCountTest</span>
            </div> <!-- main-panel-header rounded-window-top -->
            <div class="main-panel-content rounded-window-bottom">
              <div class="method">
                <div class="method-content">
                  <a name="testLanguageFilterAndPrintingValuesInExcel">
                  </a> <!-- testLanguageFilterAndPrintingValuesInExcel -->
                  <span class="method-name">testLanguageFilterAndPrintingValuesInExcel</span>
                </div> <!-- method-content -->
              </div> <!-- method -->
              <div class="method">
                <div class="method-content">
                  <a name="testLevelFilterAndPrintingValuesInExcel">
                  </a> <!-- testLevelFilterAndPrintingValuesInExcel -->
                  <span class="method-name">testLevelFilterAndPrintingValuesInExcel</span>
                </div> <!-- method-content -->
              </div> <!-- method -->
              <div class="method">
                <div class="method-content">
                  <a name="testLoadLanguageLearningPage">
                  </a> <!-- testLoadLanguageLearningPage -->
                  <span class="method-name">testLoadLanguageLearningPage</span>
                </div> <!-- method-content -->
              </div> <!-- method -->
            </div> <!-- main-panel-content rounded-window-bottom -->
          </div> <!-- suite-Suite-class-passed -->
        </div> <!-- panel Suite -->
        <div panel-name="suite-Suite_(0)" class="panel Suite_(0)">
          <div class="suite-Suite_(0)-class-failed">
            <div class="main-panel-header rounded-window-top">
              <img src="failed.png"/>
              <span class="class-name">com.coursera.org.Test.FormFillingTestWithInvalidData</span>
            </div> <!-- main-panel-header rounded-window-top -->
            <div class="main-panel-content rounded-window-bottom">
              <div class="method">
                <div class="method-content">
                  <a name="testLocateFormForRegressionTest">
                  </a> <!-- testLocateFormForRegressionTest -->
                  <span class="method-name">testLocateFormForRegressionTest</span>
                  <div class="stack-trace">org.openqa.selenium.TimeoutException: timeout: Timed out receiving message from renderer: 10.000
  (Session info: chrome=94.0.4606.61)
Build info: version: &apos;3.141.59&apos;, revision: &apos;e82be7d358&apos;, time: &apos;2018-11-14T08:17:03&apos;
System info: host: &apos;KARAN&apos;, ip: &apos;192.168.0.9&apos;, os.name: &apos;Windows 10&apos;, os.arch: &apos;amd64&apos;, os.version: &apos;10.0&apos;, java.version: &apos;16.0.1&apos;
Driver info: org.openqa.selenium.chrome.ChromeDriver
Capabilities {acceptInsecureCerts: false, browserName: chrome, browserVersion: 94.0.4606.61, chrome: {chromedriverVersion: 94.0.4606.41 (333e85df3c9b6..., userDataDir: C:\Users\karan\AppData\Loca...}, goog:chromeOptions: {debuggerAddress: localhost:51394}, javascriptEnabled: true, networkConnectionEnabled: false, pageLoadStrategy: normal, platform: WINDOWS, platformName: WINDOWS, proxy: Proxy(), setWindowRect: true, strictFileInteractability: false, timeouts: {implicit: 0, pageLoad: 300000, script: 30000}, unhandledPromptBehavior: dismiss and notify, webauthn:extension:credBlob: true, webauthn:extension:largeBlob: true, webauthn:virtualAuthenticators: true}
Session ID: c93ad029f48f5675f3f64273874eaee3
	at org.openqa.selenium.remote.http.W3CHttpResponseCodec.createException(W3CHttpResponseCodec.java:187)
	at org.openqa.selenium.remote.http.W3CHttpResponseCodec.decode(W3CHttpResponseCodec.java:122)
	at org.openqa.selenium.remote.http.W3CHttpResponseCodec.decode(W3CHttpResponseCodec.java:49)
	at org.openqa.selenium.remote.HttpCommandExecutor.execute(HttpCommandExecutor.java:158)
	at org.openqa.selenium.remote.service.DriverCommandExecutor.execute(DriverCommandExecutor.java:83)
	at org.openqa.selenium.remote.RemoteWebDriver.execute(RemoteWebDriver.java:552)
	at org.openqa.selenium.remote.RemoteWebElement.execute(RemoteWebElement.java:285)
	at org.openqa.selenium.remote.RemoteWebElement.click(RemoteWebElement.java:84)
	at com.coursera.org.Functions.FormFillingFunctionality.locateForm(FormFillingFunctionality.java:33)
	at com.coursera.org.Test.FormFillingTestWithInvalidData.testLocateFormForRegressionTest(FormFillingTestWithInvalidData.java:29)
... Removed 34 stack frames
</div> <!-- stack-trace -->
                </div> <!-- method-content -->
              </div> <!-- method -->
              <div class="method">
                <div class="method-content">
                  <a name="testPassingInvalidDataIntoForm(, Vijay, Dean, Programmer, webster75@example.com, 916127938339, IIT Madras, Government, Computer Sci...)">
                  </a> <!-- testPassingInvalidDataIntoForm(, Vijay, Dean, Programmer, webster75@example.com, 916127938339, IIT Madras, Government, Computer Sci...) -->
                  <span class="method-name">testPassingInvalidDataIntoForm</span>
                  <span class="parameters">(, Vijay, Dean, Programmer, webster75@example.com, 916127938339, IIT Madras, Government, Computer Science, India, Tamil Nadu, NA, FirstNameErr)</span>
                  <div class="stack-trace">org.openqa.selenium.NoSuchElementException: no such element: Unable to locate element: {&quot;method&quot;:&quot;css selector&quot;,&quot;selector&quot;:&quot;#FirstName&quot;}
  (Session info: chrome=94.0.4606.61)
For documentation on this error, please visit: https://www.seleniumhq.org/exceptions/no_such_element.html
Build info: version: &apos;3.141.59&apos;, revision: &apos;e82be7d358&apos;, time: &apos;2018-11-14T08:17:03&apos;
System info: host: &apos;KARAN&apos;, ip: &apos;192.168.0.9&apos;, os.name: &apos;Windows 10&apos;, os.arch: &apos;amd64&apos;, os.version: &apos;10.0&apos;, java.version: &apos;16.0.1&apos;
Driver info: org.openqa.selenium.chrome.ChromeDriver
Capabilities {acceptInsecureCerts: false, browserName: chrome, browserVersion: 94.0.4606.61, chrome: {chromedriverVersion: 94.0.4606.41 (333e85df3c9b6..., userDataDir: C:\Users\karan\AppData\Loca...}, goog:chromeOptions: {debuggerAddress: localhost:51394}, javascriptEnabled: true, networkConnectionEnabled: false, pageLoadStrategy: normal, platform: WINDOWS, platformName: WINDOWS, proxy: Proxy(), setWindowRect: true, strictFileInteractability: false, timeouts: {implicit: 0, pageLoad: 300000, script: 30000}, unhandledPromptBehavior: dismiss and notify, webauthn:extension:credBlob: true, webauthn:extension:largeBlob: true, webauthn:virtualAuthenticators: true}
Session ID: c93ad029f48f5675f3f64273874eaee3
*** Element info: {Using=id, value=FirstName}
	at org.openqa.selenium.remote.http.W3CHttpResponseCodec.createException(W3CHttpResponseCodec.java:187)
	at org.openqa.selenium.remote.http.W3CHttpResponseCodec.decode(W3CHttpResponseCodec.java:122)
	at org.openqa.selenium.remote.http.W3CHttpResponseCodec.decode(W3CHttpResponseCodec.java:49)
	at org.openqa.selenium.remote.HttpCommandExecutor.execute(HttpCommandExecutor.java:158)
	at org.openqa.selenium.remote.service.DriverCommandExecutor.execute(DriverCommandExecutor.java:83)
	at org.openqa.selenium.remote.RemoteWebDriver.execute(RemoteWebDriver.java:552)
	at org.openqa.selenium.remote.RemoteWebDriver.findElement(RemoteWebDriver.java:323)
	at org.openqa.selenium.remote.RemoteWebDriver.findElementById(RemoteWebDriver.java:372)
	at org.openqa.selenium.By$ById.findElement(By.java:188)
	at org.openqa.selenium.remote.RemoteWebDriver.findElement(RemoteWebDriver.java:315)
	at com.coursera.org.Functions.FormFillingFunctionality.fillFirst_name(FormFillingFunctionality.java:64)
	at com.coursera.org.Test.FormFillingTestWithInvalidData.testPassingInvalidDataIntoForm(FormFillingTestWithInvalidData.java:47)
... Removed 34 stack frames
</div> <!-- stack-trace -->
                </div> <!-- method-content -->
              </div> <!-- method -->
              <div class="method">
                <div class="method-content">
                  <a name="testPassingInvalidDataIntoForm(Ajith, Vijay, Dean, Programmer, , 916127938339, IIT Madras, Government, Computer Science, India, Tam...)">
                  </a> <!-- testPassingInvalidDataIntoForm(Ajith, Vijay, Dean, Programmer, , 916127938339, IIT Madras, Government, Computer Science, India, Tam...) -->
                  <span class="method-name">testPassingInvalidDataIntoForm</span>
                  <span class="parameters">(Ajith, Vijay, Dean, Programmer, , 916127938339, IIT Madras, Government, Computer Science, India, Tamil Nadu, NA, EmailErr)</span>
                  <div class="stack-trace">org.openqa.selenium.NoSuchElementException: no such element: Unable to locate element: {&quot;method&quot;:&quot;css selector&quot;,&quot;selector&quot;:&quot;#FirstName&quot;}
  (Session info: chrome=94.0.4606.61)
For documentation on this error, please visit: https://www.seleniumhq.org/exceptions/no_such_element.html
Build info: version: &apos;3.141.59&apos;, revision: &apos;e82be7d358&apos;, time: &apos;2018-11-14T08:17:03&apos;
System info: host: &apos;KARAN&apos;, ip: &apos;192.168.0.9&apos;, os.name: &apos;Windows 10&apos;, os.arch: &apos;amd64&apos;, os.version: &apos;10.0&apos;, java.version: &apos;16.0.1&apos;
Driver info: org.openqa.selenium.chrome.ChromeDriver
Capabilities {acceptInsecureCerts: false, browserName: chrome, browserVersion: 94.0.4606.61, chrome: {chromedriverVersion: 94.0.4606.41 (333e85df3c9b6..., userDataDir: C:\Users\karan\AppData\Loca...}, goog:chromeOptions: {debuggerAddress: localhost:51394}, javascriptEnabled: true, networkConnectionEnabled: false, pageLoadStrategy: normal, platform: WINDOWS, platformName: WINDOWS, proxy: Proxy(), setWindowRect: true, strictFileInteractability: false, timeouts: {implicit: 0, pageLoad: 300000, script: 30000}, unhandledPromptBehavior: dismiss and notify, webauthn:extension:credBlob: true, webauthn:extension:largeBlob: true, webauthn:virtualAuthenticators: true}
Session ID: c93ad029f48f5675f3f64273874eaee3
*** Element info: {Using=id, value=FirstName}
	at org.openqa.selenium.remote.http.W3CHttpResponseCodec.createException(W3CHttpResponseCodec.java:187)
	at org.openqa.selenium.remote.http.W3CHttpResponseCodec.decode(W3CHttpResponseCodec.java:122)
	at org.openqa.selenium.remote.http.W3CHttpResponseCodec.decode(W3CHttpResponseCodec.java:49)
	at org.openqa.selenium.remote.HttpCommandExecutor.execute(HttpCommandExecutor.java:158)
	at org.openqa.selenium.remote.service.DriverCommandExecutor.execute(DriverCommandExecutor.java:83)
	at org.openqa.selenium.remote.RemoteWebDriver.execute(RemoteWebDriver.java:552)
	at org.openqa.selenium.remote.RemoteWebDriver.findElement(RemoteWebDriver.java:323)
	at org.openqa.selenium.remote.RemoteWebDriver.findElementById(RemoteWebDriver.java:372)
	at org.openqa.selenium.By$ById.findElement(By.java:188)
	at org.openqa.selenium.remote.RemoteWebDriver.findElement(RemoteWebDriver.java:315)
	at com.coursera.org.Functions.FormFillingFunctionality.fillFirst_name(FormFillingFunctionality.java:64)
	at com.coursera.org.Test.FormFillingTestWithInvalidData.testPassingInvalidDataIntoForm(FormFillingTestWithInvalidData.java:47)
... Removed 34 stack frames
</div> <!-- stack-trace -->
                </div> <!-- method-content -->
              </div> <!-- method -->
              <div class="method">
                <div class="method-content">
                  <a name="testPassingInvalidDataIntoForm(Ajith, , Dean, Programmer, webster75@example.com, 916127938339, IIT Madras, Government, Computer Sci...)">
                  </a> <!-- testPassingInvalidDataIntoForm(Ajith, , Dean, Programmer, webster75@example.com, 916127938339, IIT Madras, Government, Computer Sci...) -->
                  <span class="method-name">testPassingInvalidDataIntoForm</span>
                  <span class="parameters">(Ajith, , Dean, Programmer, webster75@example.com, 916127938339, IIT Madras, Government, Computer Science, India, Tamil Nadu, NA, LastNameErr)</span>
                  <div class="stack-trace">org.openqa.selenium.NoSuchElementException: no such element: Unable to locate element: {&quot;method&quot;:&quot;css selector&quot;,&quot;selector&quot;:&quot;#FirstName&quot;}
  (Session info: chrome=94.0.4606.61)
For documentation on this error, please visit: https://www.seleniumhq.org/exceptions/no_such_element.html
Build info: version: &apos;3.141.59&apos;, revision: &apos;e82be7d358&apos;, time: &apos;2018-11-14T08:17:03&apos;
System info: host: &apos;KARAN&apos;, ip: &apos;192.168.0.9&apos;, os.name: &apos;Windows 10&apos;, os.arch: &apos;amd64&apos;, os.version: &apos;10.0&apos;, java.version: &apos;16.0.1&apos;
Driver info: org.openqa.selenium.chrome.ChromeDriver
Capabilities {acceptInsecureCerts: false, browserName: chrome, browserVersion: 94.0.4606.61, chrome: {chromedriverVersion: 94.0.4606.41 (333e85df3c9b6..., userDataDir: C:\Users\karan\AppData\Loca...}, goog:chromeOptions: {debuggerAddress: localhost:51394}, javascriptEnabled: true, networkConnectionEnabled: false, pageLoadStrategy: normal, platform: WINDOWS, platformName: WINDOWS, proxy: Proxy(), setWindowRect: true, strictFileInteractability: false, timeouts: {implicit: 0, pageLoad: 300000, script: 30000}, unhandledPromptBehavior: dismiss and notify, webauthn:extension:credBlob: true, webauthn:extension:largeBlob: true, webauthn:virtualAuthenticators: true}
Session ID: c93ad029f48f5675f3f64273874eaee3
*** Element info: {Using=id, value=FirstName}
	at org.openqa.selenium.remote.http.W3CHttpResponseCodec.createException(W3CHttpResponseCodec.java:187)
	at org.openqa.selenium.remote.http.W3CHttpResponseCodec.decode(W3CHttpResponseCodec.java:122)
	at org.openqa.selenium.remote.http.W3CHttpResponseCodec.decode(W3CHttpResponseCodec.java:49)
	at org.openqa.selenium.remote.HttpCommandExecutor.execute(HttpCommandExecutor.java:158)
	at org.openqa.selenium.remote.service.DriverCommandExecutor.execute(DriverCommandExecutor.java:83)
	at org.openqa.selenium.remote.RemoteWebDriver.execute(RemoteWebDriver.java:552)
	at org.openqa.selenium.remote.RemoteWebDriver.findElement(RemoteWebDriver.java:323)
	at org.openqa.selenium.remote.RemoteWebDriver.findElementById(RemoteWebDriver.java:372)
	at org.openqa.selenium.By$ById.findElement(By.java:188)
	at org.openqa.selenium.remote.RemoteWebDriver.findElement(RemoteWebDriver.java:315)
	at com.coursera.org.Functions.FormFillingFunctionality.fillFirst_name(FormFillingFunctionality.java:64)
	at com.coursera.org.Test.FormFillingTestWithInvalidData.testPassingInvalidDataIntoForm(FormFillingTestWithInvalidData.java:47)
... Removed 34 stack frames
</div> <!-- stack-trace -->
                </div> <!-- method-content -->
              </div> <!-- method -->
              <div class="method">
                <div class="method-content">
                  <a name="testPassingInvalidDataIntoForm(Ajith, Vijay, Dean, Programmer, webster75@example.com, 916127938339, IIT Madras, Government, Compute...)">
                  </a> <!-- testPassingInvalidDataIntoForm(Ajith, Vijay, Dean, Programmer, webster75@example.com, 916127938339, IIT Madras, Government, Compute...) -->
                  <span class="method-name">testPassingInvalidDataIntoForm</span>
                  <span class="parameters">(Ajith, Vijay, Dean, Programmer, webster75@example.com, 916127938339, IIT Madras, Government, Computer Science, Country, Tamil Nadu, NA, CountryErr)</span>
                  <div class="stack-trace">org.openqa.selenium.NoSuchElementException: no such element: Unable to locate element: {&quot;method&quot;:&quot;css selector&quot;,&quot;selector&quot;:&quot;#FirstName&quot;}
  (Session info: chrome=94.0.4606.61)
For documentation on this error, please visit: https://www.seleniumhq.org/exceptions/no_such_element.html
Build info: version: &apos;3.141.59&apos;, revision: &apos;e82be7d358&apos;, time: &apos;2018-11-14T08:17:03&apos;
System info: host: &apos;KARAN&apos;, ip: &apos;192.168.0.9&apos;, os.name: &apos;Windows 10&apos;, os.arch: &apos;amd64&apos;, os.version: &apos;10.0&apos;, java.version: &apos;16.0.1&apos;
Driver info: org.openqa.selenium.chrome.ChromeDriver
Capabilities {acceptInsecureCerts: false, browserName: chrome, browserVersion: 94.0.4606.61, chrome: {chromedriverVersion: 94.0.4606.41 (333e85df3c9b6..., userDataDir: C:\Users\karan\AppData\Loca...}, goog:chromeOptions: {debuggerAddress: localhost:51394}, javascriptEnabled: true, networkConnectionEnabled: false, pageLoadStrategy: normal, platform: WINDOWS, platformName: WINDOWS, proxy: Proxy(), setWindowRect: true, strictFileInteractability: false, timeouts: {implicit: 0, pageLoad: 300000, script: 30000}, unhandledPromptBehavior: dismiss and notify, webauthn:extension:credBlob: true, webauthn:extension:largeBlob: true, webauthn:virtualAuthenticators: true}
Session ID: c93ad029f48f5675f3f64273874eaee3
*** Element info: {Using=id, value=FirstName}
	at org.openqa.selenium.remote.http.W3CHttpResponseCodec.createException(W3CHttpResponseCodec.java:187)
	at org.openqa.selenium.remote.http.W3CHttpResponseCodec.decode(W3CHttpResponseCodec.java:122)
	at org.openqa.selenium.remote.http.W3CHttpResponseCodec.decode(W3CHttpResponseCodec.java:49)
	at org.openqa.selenium.remote.HttpCommandExecutor.execute(HttpCommandExecutor.java:158)
	at org.openqa.selenium.remote.service.DriverCommandExecutor.execute(DriverCommandExecutor.java:83)
	at org.openqa.selenium.remote.RemoteWebDriver.execute(RemoteWebDriver.java:552)
	at org.openqa.selenium.remote.RemoteWebDriver.findElement(RemoteWebDriver.java:323)
	at org.openqa.selenium.remote.RemoteWebDriver.findElementById(RemoteWebDriver.java:372)
	at org.openqa.selenium.By$ById.findElement(By.java:188)
	at org.openqa.selenium.remote.RemoteWebDriver.findElement(RemoteWebDriver.java:315)
	at com.coursera.org.Functions.FormFillingFunctionality.fillFirst_name(FormFillingFunctionality.java:64)
	at com.coursera.org.Test.FormFillingTestWithInvalidData.testPassingInvalidDataIntoForm(FormFillingTestWithInvalidData.java:47)
... Removed 34 stack frames
</div> <!-- stack-trace -->
                </div> <!-- method-content -->
              </div> <!-- method -->
              <div class="method">
                <div class="method-content">
                  <a name="testPassingInvalidDataIntoForm(Ajith, Vijay, Dean, , webster75@example.com, 916127938339, IIT Madras, Government, Computer Science,...)">
                  </a> <!-- testPassingInvalidDataIntoForm(Ajith, Vijay, Dean, , webster75@example.com, 916127938339, IIT Madras, Government, Computer Science,...) -->
                  <span class="method-name">testPassingInvalidDataIntoForm</span>
                  <span class="parameters">(Ajith, Vijay, Dean, , webster75@example.com, 916127938339, IIT Madras, Government, Computer Science, India, Tamil Nadu, NA, JobTitleErr)</span>
                  <div class="stack-trace">org.openqa.selenium.NoSuchElementException: no such element: Unable to locate element: {&quot;method&quot;:&quot;css selector&quot;,&quot;selector&quot;:&quot;#FirstName&quot;}
  (Session info: chrome=94.0.4606.61)
For documentation on this error, please visit: https://www.seleniumhq.org/exceptions/no_such_element.html
Build info: version: &apos;3.141.59&apos;, revision: &apos;e82be7d358&apos;, time: &apos;2018-11-14T08:17:03&apos;
System info: host: &apos;KARAN&apos;, ip: &apos;192.168.0.9&apos;, os.name: &apos;Windows 10&apos;, os.arch: &apos;amd64&apos;, os.version: &apos;10.0&apos;, java.version: &apos;16.0.1&apos;
Driver info: org.openqa.selenium.chrome.ChromeDriver
Capabilities {acceptInsecureCerts: false, browserName: chrome, browserVersion: 94.0.4606.61, chrome: {chromedriverVersion: 94.0.4606.41 (333e85df3c9b6..., userDataDir: C:\Users\karan\AppData\Loca...}, goog:chromeOptions: {debuggerAddress: localhost:51394}, javascriptEnabled: true, networkConnectionEnabled: false, pageLoadStrategy: normal, platform: WINDOWS, platformName: WINDOWS, proxy: Proxy(), setWindowRect: true, strictFileInteractability: false, timeouts: {implicit: 0, pageLoad: 300000, script: 30000}, unhandledPromptBehavior: dismiss and notify, webauthn:extension:credBlob: true, webauthn:extension:largeBlob: true, webauthn:virtualAuthenticators: true}
Session ID: c93ad029f48f5675f3f64273874eaee3
*** Element info: {Using=id, value=FirstName}
	at org.openqa.selenium.remote.http.W3CHttpResponseCodec.createException(W3CHttpResponseCodec.java:187)
	at org.openqa.selenium.remote.http.W3CHttpResponseCodec.decode(W3CHttpResponseCodec.java:122)
	at org.openqa.selenium.remote.http.W3CHttpResponseCodec.decode(W3CHttpResponseCodec.java:49)
	at org.openqa.selenium.remote.HttpCommandExecutor.execute(HttpCommandExecutor.java:158)
	at org.openqa.selenium.remote.service.DriverCommandExecutor.execute(DriverCommandExecutor.java:83)
	at org.openqa.selenium.remote.RemoteWebDriver.execute(RemoteWebDriver.java:552)
	at org.openqa.selenium.remote.RemoteWebDriver.findElement(RemoteWebDriver.java:323)
	at org.openqa.selenium.remote.RemoteWebDriver.findElementById(RemoteWebDriver.java:372)
	at org.openqa.selenium.By$ById.findElement(By.java:188)
	at org.openqa.selenium.remote.RemoteWebDriver.findElement(RemoteWebDriver.java:315)
	at com.coursera.org.Functions.FormFillingFunctionality.fillFirst_name(FormFillingFunctionality.java:64)
	at com.coursera.org.Test.FormFillingTestWithInvalidData.testPassingInvalidDataIntoForm(FormFillingTestWithInvalidData.java:47)
... Removed 34 stack frames
</div> <!-- stack-trace -->
                </div> <!-- method-content -->
              </div> <!-- method -->
              <div class="method">
                <div class="method-content">
                  <a name="testPassingInvalidDataIntoForm(Ajith, Vijay, Dean, Programmer, webster75@example.com, 916127938339, IIT Madras, Select..., Computer...)">
                  </a> <!-- testPassingInvalidDataIntoForm(Ajith, Vijay, Dean, Programmer, webster75@example.com, 916127938339, IIT Madras, Select..., Computer...) -->
                  <span class="method-name">testPassingInvalidDataIntoForm</span>
                  <span class="parameters">(Ajith, Vijay, Dean, Programmer, webster75@example.com, 916127938339, IIT Madras, Select..., Computer Science, India, Tamil Nadu, NA, InstituteTypeErr)</span>
                  <div class="stack-trace">org.openqa.selenium.NoSuchElementException: no such element: Unable to locate element: {&quot;method&quot;:&quot;css selector&quot;,&quot;selector&quot;:&quot;#FirstName&quot;}
  (Session info: chrome=94.0.4606.61)
For documentation on this error, please visit: https://www.seleniumhq.org/exceptions/no_such_element.html
Build info: version: &apos;3.141.59&apos;, revision: &apos;e82be7d358&apos;, time: &apos;2018-11-14T08:17:03&apos;
System info: host: &apos;KARAN&apos;, ip: &apos;192.168.0.9&apos;, os.name: &apos;Windows 10&apos;, os.arch: &apos;amd64&apos;, os.version: &apos;10.0&apos;, java.version: &apos;16.0.1&apos;
Driver info: org.openqa.selenium.chrome.ChromeDriver
Capabilities {acceptInsecureCerts: false, browserName: chrome, browserVersion: 94.0.4606.61, chrome: {chromedriverVersion: 94.0.4606.41 (333e85df3c9b6..., userDataDir: C:\Users\karan\AppData\Loca...}, goog:chromeOptions: {debuggerAddress: localhost:51394}, javascriptEnabled: true, networkConnectionEnabled: false, pageLoadStrategy: normal, platform: WINDOWS, platformName: WINDOWS, proxy: Proxy(), setWindowRect: true, strictFileInteractability: false, timeouts: {implicit: 0, pageLoad: 300000, script: 30000}, unhandledPromptBehavior: dismiss and notify, webauthn:extension:credBlob: true, webauthn:extension:largeBlob: true, webauthn:virtualAuthenticators: true}
Session ID: c93ad029f48f5675f3f64273874eaee3
*** Element info: {Using=id, value=FirstName}
	at org.openqa.selenium.remote.http.W3CHttpResponseCodec.createException(W3CHttpResponseCodec.java:187)
	at org.openqa.selenium.remote.http.W3CHttpResponseCodec.decode(W3CHttpResponseCodec.java:122)
	at org.openqa.selenium.remote.http.W3CHttpResponseCodec.decode(W3CHttpResponseCodec.java:49)
	at org.openqa.selenium.remote.HttpCommandExecutor.execute(HttpCommandExecutor.java:158)
	at org.openqa.selenium.remote.service.DriverCommandExecutor.execute(DriverCommandExecutor.java:83)
	at org.openqa.selenium.remote.RemoteWebDriver.execute(RemoteWebDriver.java:552)
	at org.openqa.selenium.remote.RemoteWebDriver.findElement(RemoteWebDriver.java:323)
	at org.openqa.selenium.remote.RemoteWebDriver.findElementById(RemoteWebDriver.java:372)
	at org.openqa.selenium.By$ById.findElement(By.java:188)
	at org.openqa.selenium.remote.RemoteWebDriver.findElement(RemoteWebDriver.java:315)
	at com.coursera.org.Functions.FormFillingFunctionality.fillFirst_name(FormFillingFunctionality.java:64)
	at com.coursera.org.Test.FormFillingTestWithInvalidData.testPassingInvalidDataIntoForm(FormFillingTestWithInvalidData.java:47)
... Removed 34 stack frames
</div> <!-- stack-trace -->
                </div> <!-- method-content -->
              </div> <!-- method -->
              <div class="method">
                <div class="method-content">
                  <a name="testPassingInvalidDataIntoForm(Ajith, Vijay, Dean, Programmer, webster75@example.com, 916127938339, IIT Madras, Government, Select....)">
                  </a> <!-- testPassingInvalidDataIntoForm(Ajith, Vijay, Dean, Programmer, webster75@example.com, 916127938339, IIT Madras, Government, Select....) -->
                  <span class="method-name">testPassingInvalidDataIntoForm</span>
                  <span class="parameters">(Ajith, Vijay, Dean, Programmer, webster75@example.com, 916127938339, IIT Madras, Government, Select..., India, Tamil Nadu, NA, PrimaryDisErr)</span>
                  <div class="stack-trace">org.openqa.selenium.NoSuchElementException: no such element: Unable to locate element: {&quot;method&quot;:&quot;css selector&quot;,&quot;selector&quot;:&quot;#FirstName&quot;}
  (Session info: chrome=94.0.4606.61)
For documentation on this error, please visit: https://www.seleniumhq.org/exceptions/no_such_element.html
Build info: version: &apos;3.141.59&apos;, revision: &apos;e82be7d358&apos;, time: &apos;2018-11-14T08:17:03&apos;
System info: host: &apos;KARAN&apos;, ip: &apos;192.168.0.9&apos;, os.name: &apos;Windows 10&apos;, os.arch: &apos;amd64&apos;, os.version: &apos;10.0&apos;, java.version: &apos;16.0.1&apos;
Driver info: org.openqa.selenium.chrome.ChromeDriver
Capabilities {acceptInsecureCerts: false, browserName: chrome, browserVersion: 94.0.4606.61, chrome: {chromedriverVersion: 94.0.4606.41 (333e85df3c9b6..., userDataDir: C:\Users\karan\AppData\Loca...}, goog:chromeOptions: {debuggerAddress: localhost:51394}, javascriptEnabled: true, networkConnectionEnabled: false, pageLoadStrategy: normal, platform: WINDOWS, platformName: WINDOWS, proxy: Proxy(), setWindowRect: true, strictFileInteractability: false, timeouts: {implicit: 0, pageLoad: 300000, script: 30000}, unhandledPromptBehavior: dismiss and notify, webauthn:extension:credBlob: true, webauthn:extension:largeBlob: true, webauthn:virtualAuthenticators: true}
Session ID: c93ad029f48f5675f3f64273874eaee3
*** Element info: {Using=id, value=FirstName}
	at org.openqa.selenium.remote.http.W3CHttpResponseCodec.createException(W3CHttpResponseCodec.java:187)
	at org.openqa.selenium.remote.http.W3CHttpResponseCodec.decode(W3CHttpResponseCodec.java:122)
	at org.openqa.selenium.remote.http.W3CHttpResponseCodec.decode(W3CHttpResponseCodec.java:49)
	at org.openqa.selenium.remote.HttpCommandExecutor.execute(HttpCommandExecutor.java:158)
	at org.openqa.selenium.remote.service.DriverCommandExecutor.execute(DriverCommandExecutor.java:83)
	at org.openqa.selenium.remote.RemoteWebDriver.execute(RemoteWebDriver.java:552)
	at org.openqa.selenium.remote.RemoteWebDriver.findElement(RemoteWebDriver.java:323)
	at org.openqa.selenium.remote.RemoteWebDriver.findElementById(RemoteWebDriver.java:372)
	at org.openqa.selenium.By$ById.findElement(By.java:188)
	at org.openqa.selenium.remote.RemoteWebDriver.findElement(RemoteWebDriver.java:315)
	at com.coursera.org.Functions.FormFillingFunctionality.fillFirst_name(FormFillingFunctionality.java:64)
	at com.coursera.org.Test.FormFillingTestWithInvalidData.testPassingInvalidDataIntoForm(FormFillingTestWithInvalidData.java:47)
... Removed 34 stack frames
</div> <!-- stack-trace -->
                </div> <!-- method-content -->
              </div> <!-- method -->
              <div class="method">
                <div class="method-content">
                  <a name="testPassingInvalidDataIntoForm(Ajith, Vijay, Dean, Programmer, webster75@example.com, 916127938339, IIT Madras, Government, Compute...)">
                  </a> <!-- testPassingInvalidDataIntoForm(Ajith, Vijay, Dean, Programmer, webster75@example.com, 916127938339, IIT Madras, Government, Compute...) -->
                  <span class="method-name">testPassingInvalidDataIntoForm</span>
                  <span class="parameters">(Ajith, Vijay, Dean, Programmer, webster75@example.com, 916127938339, IIT Madras, Government, Computer Science, India, Select..., NA, StateErr)</span>
                  <div class="stack-trace">org.openqa.selenium.NoSuchElementException: no such element: Unable to locate element: {&quot;method&quot;:&quot;css selector&quot;,&quot;selector&quot;:&quot;#FirstName&quot;}
  (Session info: chrome=94.0.4606.61)
For documentation on this error, please visit: https://www.seleniumhq.org/exceptions/no_such_element.html
Build info: version: &apos;3.141.59&apos;, revision: &apos;e82be7d358&apos;, time: &apos;2018-11-14T08:17:03&apos;
System info: host: &apos;KARAN&apos;, ip: &apos;192.168.0.9&apos;, os.name: &apos;Windows 10&apos;, os.arch: &apos;amd64&apos;, os.version: &apos;10.0&apos;, java.version: &apos;16.0.1&apos;
Driver info: org.openqa.selenium.chrome.ChromeDriver
Capabilities {acceptInsecureCerts: false, browserName: chrome, browserVersion: 94.0.4606.61, chrome: {chromedriverVersion: 94.0.4606.41 (333e85df3c9b6..., userDataDir: C:\Users\karan\AppData\Loca...}, goog:chromeOptions: {debuggerAddress: localhost:51394}, javascriptEnabled: true, networkConnectionEnabled: false, pageLoadStrategy: normal, platform: WINDOWS, platformName: WINDOWS, proxy: Proxy(), setWindowRect: true, strictFileInteractability: false, timeouts: {implicit: 0, pageLoad: 300000, script: 30000}, unhandledPromptBehavior: dismiss and notify, webauthn:extension:credBlob: true, webauthn:extension:largeBlob: true, webauthn:virtualAuthenticators: true}
Session ID: c93ad029f48f5675f3f64273874eaee3
*** Element info: {Using=id, value=FirstName}
	at org.openqa.selenium.remote.http.W3CHttpResponseCodec.createException(W3CHttpResponseCodec.java:187)
	at org.openqa.selenium.remote.http.W3CHttpResponseCodec.decode(W3CHttpResponseCodec.java:122)
	at org.openqa.selenium.remote.http.W3CHttpResponseCodec.decode(W3CHttpResponseCodec.java:49)
	at org.openqa.selenium.remote.HttpCommandExecutor.execute(HttpCommandExecutor.java:158)
	at org.openqa.selenium.remote.service.DriverCommandExecutor.execute(DriverCommandExecutor.java:83)
	at org.openqa.selenium.remote.RemoteWebDriver.execute(RemoteWebDriver.java:552)
	at org.openqa.selenium.remote.RemoteWebDriver.findElement(RemoteWebDriver.java:323)
	at org.openqa.selenium.remote.RemoteWebDriver.findElementById(RemoteWebDriver.java:372)
	at org.openqa.selenium.By$ById.findElement(By.java:188)
	at org.openqa.selenium.remote.RemoteWebDriver.findElement(RemoteWebDriver.java:315)
	at com.coursera.org.Functions.FormFillingFunctionality.fillFirst_name(FormFillingFunctionality.java:64)
	at com.coursera.org.Test.FormFillingTestWithInvalidData.testPassingInvalidDataIntoForm(FormFillingTestWithInvalidData.java:47)
... Removed 34 stack frames
</div> <!-- stack-trace -->
                </div> <!-- method-content -->
              </div> <!-- method -->
              <div class="method">
                <div class="method-content">
                  <a name="testPassingInvalidDataIntoForm(Ajith, Vijay, Dean, Programmer, webster75@example.com, 916127938339, IIT Madras, Government, Compute...)">
                  </a> <!-- testPassingInvalidDataIntoForm(Ajith, Vijay, Dean, Programmer, webster75@example.com, 916127938339, IIT Madras, Government, Compute...) -->
                  <span class="method-name">testPassingInvalidDataIntoForm</span>
                  <span class="parameters">(Ajith, Vijay, Dean, Programmer, webster75@example.com, 916127938339, IIT Madras, Government, Computer Science, India, Tamil Nadu, , CommentsErr)</span>
                  <div class="stack-trace">org.openqa.selenium.NoSuchElementException: no such element: Unable to locate element: {&quot;method&quot;:&quot;css selector&quot;,&quot;selector&quot;:&quot;#FirstName&quot;}
  (Session info: chrome=94.0.4606.61)
For documentation on this error, please visit: https://www.seleniumhq.org/exceptions/no_such_element.html
Build info: version: &apos;3.141.59&apos;, revision: &apos;e82be7d358&apos;, time: &apos;2018-11-14T08:17:03&apos;
System info: host: &apos;KARAN&apos;, ip: &apos;192.168.0.9&apos;, os.name: &apos;Windows 10&apos;, os.arch: &apos;amd64&apos;, os.version: &apos;10.0&apos;, java.version: &apos;16.0.1&apos;
Driver info: org.openqa.selenium.chrome.ChromeDriver
Capabilities {acceptInsecureCerts: false, browserName: chrome, browserVersion: 94.0.4606.61, chrome: {chromedriverVersion: 94.0.4606.41 (333e85df3c9b6..., userDataDir: C:\Users\karan\AppData\Loca...}, goog:chromeOptions: {debuggerAddress: localhost:51394}, javascriptEnabled: true, networkConnectionEnabled: false, pageLoadStrategy: normal, platform: WINDOWS, platformName: WINDOWS, proxy: Proxy(), setWindowRect: true, strictFileInteractability: false, timeouts: {implicit: 0, pageLoad: 300000, script: 30000}, unhandledPromptBehavior: dismiss and notify, webauthn:extension:credBlob: true, webauthn:extension:largeBlob: true, webauthn:virtualAuthenticators: true}
Session ID: c93ad029f48f5675f3f64273874eaee3
*** Element info: {Using=id, value=FirstName}
	at org.openqa.selenium.remote.http.W3CHttpResponseCodec.createException(W3CHttpResponseCodec.java:187)
	at org.openqa.selenium.remote.http.W3CHttpResponseCodec.decode(W3CHttpResponseCodec.java:122)
	at org.openqa.selenium.remote.http.W3CHttpResponseCodec.decode(W3CHttpResponseCodec.java:49)
	at org.openqa.selenium.remote.HttpCommandExecutor.execute(HttpCommandExecutor.java:158)
	at org.openqa.selenium.remote.service.DriverCommandExecutor.execute(DriverCommandExecutor.java:83)
	at org.openqa.selenium.remote.RemoteWebDriver.execute(RemoteWebDriver.java:552)
	at org.openqa.selenium.remote.RemoteWebDriver.findElement(RemoteWebDriver.java:323)
	at org.openqa.selenium.remote.RemoteWebDriver.findElementById(RemoteWebDriver.java:372)
	at org.openqa.selenium.By$ById.findElement(By.java:188)
	at org.openqa.selenium.remote.RemoteWebDriver.findElement(RemoteWebDriver.java:315)
	at com.coursera.org.Functions.FormFillingFunctionality.fillFirst_name(FormFillingFunctionality.java:64)
	at com.coursera.org.Test.FormFillingTestWithInvalidData.testPassingInvalidDataIntoForm(FormFillingTestWithInvalidData.java:47)
... Removed 34 stack frames
</div> <!-- stack-trace -->
                </div> <!-- method-content -->
              </div> <!-- method -->
              <div class="method">
                <div class="method-content">
                  <a name="testPassingInvalidDataIntoForm(Ajith, Vijay, Dean, Programmer, webster75@example.com, , IIT Madras, Government, Computer Science, I...)">
                  </a> <!-- testPassingInvalidDataIntoForm(Ajith, Vijay, Dean, Programmer, webster75@example.com, , IIT Madras, Government, Computer Science, I...) -->
                  <span class="method-name">testPassingInvalidDataIntoForm</span>
                  <span class="parameters">(Ajith, Vijay, Dean, Programmer, webster75@example.com, , IIT Madras, Government, Computer Science, India, Tamil Nadu, NA, PhoneNumberErr)</span>
                  <div class="stack-trace">org.openqa.selenium.NoSuchElementException: no such element: Unable to locate element: {&quot;method&quot;:&quot;css selector&quot;,&quot;selector&quot;:&quot;#FirstName&quot;}
  (Session info: chrome=94.0.4606.61)
For documentation on this error, please visit: https://www.seleniumhq.org/exceptions/no_such_element.html
Build info: version: &apos;3.141.59&apos;, revision: &apos;e82be7d358&apos;, time: &apos;2018-11-14T08:17:03&apos;
System info: host: &apos;KARAN&apos;, ip: &apos;192.168.0.9&apos;, os.name: &apos;Windows 10&apos;, os.arch: &apos;amd64&apos;, os.version: &apos;10.0&apos;, java.version: &apos;16.0.1&apos;
Driver info: org.openqa.selenium.chrome.ChromeDriver
Capabilities {acceptInsecureCerts: false, browserName: chrome, browserVersion: 94.0.4606.61, chrome: {chromedriverVersion: 94.0.4606.41 (333e85df3c9b6..., userDataDir: C:\Users\karan\AppData\Loca...}, goog:chromeOptions: {debuggerAddress: localhost:51394}, javascriptEnabled: true, networkConnectionEnabled: false, pageLoadStrategy: normal, platform: WINDOWS, platformName: WINDOWS, proxy: Proxy(), setWindowRect: true, strictFileInteractability: false, timeouts: {implicit: 0, pageLoad: 300000, script: 30000}, unhandledPromptBehavior: dismiss and notify, webauthn:extension:credBlob: true, webauthn:extension:largeBlob: true, webauthn:virtualAuthenticators: true}
Session ID: c93ad029f48f5675f3f64273874eaee3
*** Element info: {Using=id, value=FirstName}
	at org.openqa.selenium.remote.http.W3CHttpResponseCodec.createException(W3CHttpResponseCodec.java:187)
	at org.openqa.selenium.remote.http.W3CHttpResponseCodec.decode(W3CHttpResponseCodec.java:122)
	at org.openqa.selenium.remote.http.W3CHttpResponseCodec.decode(W3CHttpResponseCodec.java:49)
	at org.openqa.selenium.remote.HttpCommandExecutor.execute(HttpCommandExecutor.java:158)
	at org.openqa.selenium.remote.service.DriverCommandExecutor.execute(DriverCommandExecutor.java:83)
	at org.openqa.selenium.remote.RemoteWebDriver.execute(RemoteWebDriver.java:552)
	at org.openqa.selenium.remote.RemoteWebDriver.findElement(RemoteWebDriver.java:323)
	at org.openqa.selenium.remote.RemoteWebDriver.findElementById(RemoteWebDriver.java:372)
	at org.openqa.selenium.By$ById.findElement(By.java:188)
	at org.openqa.selenium.remote.RemoteWebDriver.findElement(RemoteWebDriver.java:315)
	at com.coursera.org.Functions.FormFillingFunctionality.fillFirst_name(FormFillingFunctionality.java:64)
	at com.coursera.org.Test.FormFillingTestWithInvalidData.testPassingInvalidDataIntoForm(FormFillingTestWithInvalidData.java:47)
... Removed 34 stack frames
</div> <!-- stack-trace -->
                </div> <!-- method-content -->
              </div> <!-- method -->
              <div class="method">
                <div class="method-content">
                  <a name="testPassingInvalidDataIntoForm(Ajith, Vijay, Select..., Programmer, webster75@example.com, 916127938339, IIT Madras, Government, Co...)">
                  </a> <!-- testPassingInvalidDataIntoForm(Ajith, Vijay, Select..., Programmer, webster75@example.com, 916127938339, IIT Madras, Government, Co...) -->
                  <span class="method-name">testPassingInvalidDataIntoForm</span>
                  <span class="parameters">(Ajith, Vijay, Select..., Programmer, webster75@example.com, 916127938339, IIT Madras, Government, Computer Science, India, Tamil Nadu, NA, JobFunctionErr)</span>
                  <div class="stack-trace">org.openqa.selenium.NoSuchElementException: no such element: Unable to locate element: {&quot;method&quot;:&quot;css selector&quot;,&quot;selector&quot;:&quot;#FirstName&quot;}
  (Session info: chrome=94.0.4606.61)
For documentation on this error, please visit: https://www.seleniumhq.org/exceptions/no_such_element.html
Build info: version: &apos;3.141.59&apos;, revision: &apos;e82be7d358&apos;, time: &apos;2018-11-14T08:17:03&apos;
System info: host: &apos;KARAN&apos;, ip: &apos;192.168.0.9&apos;, os.name: &apos;Windows 10&apos;, os.arch: &apos;amd64&apos;, os.version: &apos;10.0&apos;, java.version: &apos;16.0.1&apos;
Driver info: org.openqa.selenium.chrome.ChromeDriver
Capabilities {acceptInsecureCerts: false, browserName: chrome, browserVersion: 94.0.4606.61, chrome: {chromedriverVersion: 94.0.4606.41 (333e85df3c9b6..., userDataDir: C:\Users\karan\AppData\Loca...}, goog:chromeOptions: {debuggerAddress: localhost:51394}, javascriptEnabled: true, networkConnectionEnabled: false, pageLoadStrategy: normal, platform: WINDOWS, platformName: WINDOWS, proxy: Proxy(), setWindowRect: true, strictFileInteractability: false, timeouts: {implicit: 0, pageLoad: 300000, script: 30000}, unhandledPromptBehavior: dismiss and notify, webauthn:extension:credBlob: true, webauthn:extension:largeBlob: true, webauthn:virtualAuthenticators: true}
Session ID: c93ad029f48f5675f3f64273874eaee3
*** Element info: {Using=id, value=FirstName}
	at org.openqa.selenium.remote.http.W3CHttpResponseCodec.createException(W3CHttpResponseCodec.java:187)
	at org.openqa.selenium.remote.http.W3CHttpResponseCodec.decode(W3CHttpResponseCodec.java:122)
	at org.openqa.selenium.remote.http.W3CHttpResponseCodec.decode(W3CHttpResponseCodec.java:49)
	at org.openqa.selenium.remote.HttpCommandExecutor.execute(HttpCommandExecutor.java:158)
	at org.openqa.selenium.remote.service.DriverCommandExecutor.execute(DriverCommandExecutor.java:83)
	at org.openqa.selenium.remote.RemoteWebDriver.execute(RemoteWebDriver.java:552)
	at org.openqa.selenium.remote.RemoteWebDriver.findElement(RemoteWebDriver.java:323)
	at org.openqa.selenium.remote.RemoteWebDriver.findElementById(RemoteWebDriver.java:372)
	at org.openqa.selenium.By$ById.findElement(By.java:188)
	at org.openqa.selenium.remote.RemoteWebDriver.findElement(RemoteWebDriver.java:315)
	at com.coursera.org.Functions.FormFillingFunctionality.fillFirst_name(FormFillingFunctionality.java:64)
	at com.coursera.org.Test.FormFillingTestWithInvalidData.testPassingInvalidDataIntoForm(FormFillingTestWithInvalidData.java:47)
... Removed 34 stack frames
</div> <!-- stack-trace -->
                </div> <!-- method-content -->
              </div> <!-- method -->
              <div class="method">
                <div class="method-content">
                  <a name="testPassingInvalidDataIntoForm(Ajith, Vijay, Dean, Programmer, webster75@example.com, 916127938339, , Government, Computer Science,...)">
                  </a> <!-- testPassingInvalidDataIntoForm(Ajith, Vijay, Dean, Programmer, webster75@example.com, 916127938339, , Government, Computer Science,...) -->
                  <span class="method-name">testPassingInvalidDataIntoForm</span>
                  <span class="parameters">(Ajith, Vijay, Dean, Programmer, webster75@example.com, 916127938339, , Government, Computer Science, India, Tamil Nadu, NA, InstituteNameErr)</span>
                  <div class="stack-trace">org.openqa.selenium.NoSuchElementException: no such element: Unable to locate element: {&quot;method&quot;:&quot;css selector&quot;,&quot;selector&quot;:&quot;#FirstName&quot;}
  (Session info: chrome=94.0.4606.61)
For documentation on this error, please visit: https://www.seleniumhq.org/exceptions/no_such_element.html
Build info: version: &apos;3.141.59&apos;, revision: &apos;e82be7d358&apos;, time: &apos;2018-11-14T08:17:03&apos;
System info: host: &apos;KARAN&apos;, ip: &apos;192.168.0.9&apos;, os.name: &apos;Windows 10&apos;, os.arch: &apos;amd64&apos;, os.version: &apos;10.0&apos;, java.version: &apos;16.0.1&apos;
Driver info: org.openqa.selenium.chrome.ChromeDriver
Capabilities {acceptInsecureCerts: false, browserName: chrome, browserVersion: 94.0.4606.61, chrome: {chromedriverVersion: 94.0.4606.41 (333e85df3c9b6..., userDataDir: C:\Users\karan\AppData\Loca...}, goog:chromeOptions: {debuggerAddress: localhost:51394}, javascriptEnabled: true, networkConnectionEnabled: false, pageLoadStrategy: normal, platform: WINDOWS, platformName: WINDOWS, proxy: Proxy(), setWindowRect: true, strictFileInteractability: false, timeouts: {implicit: 0, pageLoad: 300000, script: 30000}, unhandledPromptBehavior: dismiss and notify, webauthn:extension:credBlob: true, webauthn:extension:largeBlob: true, webauthn:virtualAuthenticators: true}
Session ID: c93ad029f48f5675f3f64273874eaee3
*** Element info: {Using=id, value=FirstName}
	at org.openqa.selenium.remote.http.W3CHttpResponseCodec.createException(W3CHttpResponseCodec.java:187)
	at org.openqa.selenium.remote.http.W3CHttpResponseCodec.decode(W3CHttpResponseCodec.java:122)
	at org.openqa.selenium.remote.http.W3CHttpResponseCodec.decode(W3CHttpResponseCodec.java:49)
	at org.openqa.selenium.remote.HttpCommandExecutor.execute(HttpCommandExecutor.java:158)
	at org.openqa.selenium.remote.service.DriverCommandExecutor.execute(DriverCommandExecutor.java:83)
	at org.openqa.selenium.remote.RemoteWebDriver.execute(RemoteWebDriver.java:552)
	at org.openqa.selenium.remote.RemoteWebDriver.findElement(RemoteWebDriver.java:323)
	at org.openqa.selenium.remote.RemoteWebDriver.findElementById(RemoteWebDriver.java:372)
	at org.openqa.selenium.By$ById.findElement(By.java:188)
	at org.openqa.selenium.remote.RemoteWebDriver.findElement(RemoteWebDriver.java:315)
	at com.coursera.org.Functions.FormFillingFunctionality.fillFirst_name(FormFillingFunctionality.java:64)
	at com.coursera.org.Test.FormFillingTestWithInvalidData.testPassingInvalidDataIntoForm(FormFillingTestWithInvalidData.java:47)
... Removed 34 stack frames
</div> <!-- stack-trace -->
                </div> <!-- method-content -->
              </div> <!-- method -->
            </div> <!-- main-panel-content rounded-window-bottom -->
          </div> <!-- suite-Suite_(0)-class-failed -->
        </div> <!-- panel Suite_(0) -->
        <div panel-name="test-xml-Suite" class="panel">
          <div class="main-panel-header rounded-window-top">
            <span class="header-content">D:\software training\QEA\Hackathon\final\identifycourses\smoke.xml</span>
          </div> <!-- main-panel-header rounded-window-top -->
          <div class="main-panel-content rounded-window-bottom">
            <pre>
&lt;?xml version=&quot;1.0&quot; encoding=&quot;UTF-8&quot;?&gt;
&lt;!DOCTYPE suite SYSTEM &quot;http://testng.org/testng-1.0.dtd&quot;&gt;
&lt;suite name=&quot;Suite&quot; guice-stage=&quot;DEVELOPMENT&quot; verbose=&quot;0&quot;&gt;
  &lt;listeners&gt;
    &lt;listener class-name=&quot;com.coursera.org.Utilities.GenerateReport&quot;/&gt;
  &lt;/listeners&gt;
  &lt;test thread-count=&quot;1&quot; name=&quot;Smoke Test&quot; verbose=&quot;0&quot;&gt;
    &lt;groups&gt;
      &lt;run&gt;
        &lt;include name=&quot;Smoke Test&quot;/&gt;
      &lt;/run&gt;
    &lt;/groups&gt;
    &lt;classes&gt;
      &lt;class name=&quot;com.coursera.org.Test.TestSetup&quot;/&gt;
      &lt;class name=&quot;com.coursera.org.Test.IdentifyCoursesTest&quot;/&gt;
      &lt;class name=&quot;com.coursera.org.Test.LanguageLearningCourseCountTest&quot;/&gt;
      &lt;class name=&quot;com.coursera.org.Test.FormFillingTestWithValidData&quot;/&gt;
    &lt;/classes&gt;
  &lt;/test&gt; &lt;!-- Smoke Test --&gt;
&lt;/suite&gt; &lt;!-- Suite --&gt;
            </pre>
          </div> <!-- main-panel-content rounded-window-bottom -->
        </div> <!-- panel -->
        <div panel-name="test-xml-Suite_(0)" class="panel">
          <div class="main-panel-header rounded-window-top">
            <span class="header-content">D:\software training\QEA\Hackathon\final\identifycourses\regression.xml</span>
          </div> <!-- main-panel-header rounded-window-top -->
          <div class="main-panel-content rounded-window-bottom">
            <pre>
&lt;?xml version=&quot;1.0&quot; encoding=&quot;UTF-8&quot;?&gt;
&lt;!DOCTYPE suite SYSTEM &quot;http://testng.org/testng-1.0.dtd&quot;&gt;
&lt;suite name=&quot;Suite (0)&quot; guice-stage=&quot;DEVELOPMENT&quot; verbose=&quot;0&quot;&gt;
  &lt;listeners&gt;
    &lt;listener class-name=&quot;com.coursera.org.Utilities.GenerateReport&quot;/&gt;
  &lt;/listeners&gt;
  &lt;test thread-count=&quot;1&quot; name=&quot;Regression Test&quot; verbose=&quot;0&quot;&gt;
    &lt;groups&gt;
      &lt;run&gt;
        &lt;include name=&quot;Regression Test&quot;/&gt;
      &lt;/run&gt;
    &lt;/groups&gt;
    &lt;classes&gt;
      &lt;class name=&quot;com.coursera.org.Test.TestSetup&quot;/&gt;
      &lt;class name=&quot;com.coursera.org.Test.FormFillingTestWithInvalidData&quot;/&gt;
    &lt;/classes&gt;
  &lt;/test&gt; &lt;!-- Regression Test --&gt;
&lt;/suite&gt; &lt;!-- Suite (0) --&gt;
            </pre>
          </div> <!-- main-panel-content rounded-window-bottom -->
        </div> <!-- panel -->
        <div panel-name="testlist-Suite" class="panel">
          <div class="main-panel-header rounded-window-top">
            <span class="header-content">Tests for Suite</span>
          </div> <!-- main-panel-header rounded-window-top -->
          <div class="main-panel-content rounded-window-bottom">
            <ul>
              <li>
                <span class="test-name">Smoke Test (4 classes)</span>
              </li>
            </ul>
          </div> <!-- main-panel-content rounded-window-bottom -->
        </div> <!-- panel -->
        <div panel-name="testlist-Suite_(0)" class="panel">
          <div class="main-panel-header rounded-window-top">
            <span class="header-content">Tests for Suite (0)</span>
          </div> <!-- main-panel-header rounded-window-top -->
          <div class="main-panel-content rounded-window-bottom">
            <ul>
              <li>
                <span class="test-name">Regression Test (2 classes)</span>
              </li>
            </ul>
          </div> <!-- main-panel-content rounded-window-bottom -->
        </div> <!-- panel -->
        <div panel-name="group-Suite" class="panel">
          <div class="main-panel-header rounded-window-top">
            <span class="header-content">Groups for Suite</span>
          </div> <!-- main-panel-header rounded-window-top -->
          <div class="main-panel-content rounded-window-bottom">
            <div class="test-group">
              <span class="test-group-name">Smoke Test</span>
              <br/>
              <div class="method-in-group">
                <span class="method-in-group-name">returnHomePage</span>
                <br/>
              </div> <!-- method-in-group -->
              <div class="method-in-group">
                <span class="method-in-group-name">testApplyLanguagefilterAsEnglish</span>
                <br/>
              </div> <!-- method-in-group -->
              <div class="method-in-group">
                <span class="method-in-group-name">testApplyLevelfilterAsBeginner</span>
                <br/>
              </div> <!-- method-in-group -->
              <div class="method-in-group">
                <span class="method-in-group-name">testFetchFirstCourseDetails</span>
                <br/>
              </div> <!-- method-in-group -->
              <div class="method-in-group">
                <span class="method-in-group-name">testFetchSecondCourseDetails</span>
                <br/>
              </div> <!-- method-in-group -->
              <div class="method-in-group">
                <span class="method-in-group-name">testLanguageFilterAndPrintingValuesInExcel</span>
                <br/>
              </div> <!-- method-in-group -->
              <div class="method-in-group">
                <span class="method-in-group-name">testLevelFilterAndPrintingValuesInExcel</span>
                <br/>
              </div> <!-- method-in-group -->
              <div class="method-in-group">
                <span class="method-in-group-name">testLoadLanguageLearningPage</span>
                <br/>
              </div> <!-- method-in-group -->
              <div class="method-in-group">
                <span class="method-in-group-name">testLocateFormForSmokeTest</span>
                <br/>
              </div> <!-- method-in-group -->
              <div class="method-in-group">
                <span class="method-in-group-name">testPassValidDetails</span>
                <br/>
              </div> <!-- method-in-group -->
              <div class="method-in-group">
                <span class="method-in-group-name">testSearchingWebDevelopmentCourse</span>
                <br/>
              </div> <!-- method-in-group -->
            </div> <!-- test-group -->
          </div> <!-- main-panel-content rounded-window-bottom -->
        </div> <!-- panel -->
        <div panel-name="group-Suite_(0)" class="panel">
          <div class="main-panel-header rounded-window-top">
            <span class="header-content">Groups for Suite (0)</span>
          </div> <!-- main-panel-header rounded-window-top -->
          <div class="main-panel-content rounded-window-bottom">
            <div class="test-group">
              <span class="test-group-name">Regression Test</span>
              <br/>
              <div class="method-in-group">
                <span class="method-in-group-name">testLocateFormForRegressionTest</span>
                <br/>
              </div> <!-- method-in-group -->
              <div class="method-in-group">
                <span class="method-in-group-name">testPassingInvalidDataIntoForm</span>
                <br/>
              </div> <!-- method-in-group -->
            </div> <!-- test-group -->
          </div> <!-- main-panel-content rounded-window-bottom -->
        </div> <!-- panel -->
        <div panel-name="times-Suite" class="panel">
          <div class="main-panel-header rounded-window-top">
            <span class="header-content">Times for Suite</span>
          </div> <!-- main-panel-header rounded-window-top -->
          <div class="main-panel-content rounded-window-bottom">
            <div class="times-div">
              <script type="text/javascript">
suiteTableInitFunctions.push('tableData_Suite');
function tableData_Suite() {
var data = new google.visualization.DataTable();
data.addColumn('number', 'Number');
data.addColumn('string', 'Method');
data.addColumn('string', 'Class');
data.addColumn('number', 'Time (ms)');
data.addRows(11);
data.setCell(0, 0, 0)
data.setCell(0, 1, 'testSearchingWebDevelopmentCourse')
data.setCell(0, 2, 'com.coursera.org.Test.IdentifyCoursesTest$validateIdentifyCourses')
data.setCell(0, 3, 45441);
data.setCell(1, 0, 1)
data.setCell(1, 1, 'testFetchSecondCourseDetails')
data.setCell(1, 2, 'com.coursera.org.Test.IdentifyCoursesTest$validateIdentifyCourses')
data.setCell(1, 3, 38668);
data.setCell(2, 0, 2)
data.setCell(2, 1, 'testLocateFormForSmokeTest')
data.setCell(2, 2, 'com.coursera.org.Test.FormFillingTestWithValidData')
data.setCell(2, 3, 23873);
data.setCell(3, 0, 3)
data.setCell(3, 1, 'testLanguageFilterAndPrintingValuesInExcel')
data.setCell(3, 2, 'com.coursera.org.Test.LanguageLearningCourseCountTest')
data.setCell(3, 3, 23100);
data.setCell(4, 0, 4)
data.setCell(4, 1, 'testApplyLanguagefilterAsEnglish')
data.setCell(4, 2, 'com.coursera.org.Test.IdentifyCoursesTest$validateIdentifyCourses')
data.setCell(4, 3, 18581);
data.setCell(5, 0, 5)
data.setCell(5, 1, 'testLoadLanguageLearningPage')
data.setCell(5, 2, 'com.coursera.org.Test.LanguageLearningCourseCountTest')
data.setCell(5, 3, 12817);
data.setCell(6, 0, 6)
data.setCell(6, 1, 'testPassValidDetails')
data.setCell(6, 2, 'com.coursera.org.Test.FormFillingTestWithValidData')
data.setCell(6, 3, 10865);
data.setCell(7, 0, 7)
data.setCell(7, 1, 'testFetchFirstCourseDetails')
data.setCell(7, 2, 'com.coursera.org.Test.IdentifyCoursesTest$validateIdentifyCourses')
data.setCell(7, 3, 10082);
data.setCell(8, 0, 8)
data.setCell(8, 1, 'testApplyLevelfilterAsBeginner')
data.setCell(8, 2, 'com.coursera.org.Test.IdentifyCoursesTest$validateIdentifyCourses')
data.setCell(8, 3, 6642);
data.setCell(9, 0, 9)
data.setCell(9, 1, 'returnHomePage')
data.setCell(9, 2, 'com.coursera.org.Test.IdentifyCoursesTest$validateIdentifyCourses')
data.setCell(9, 3, 6216);
data.setCell(10, 0, 10)
data.setCell(10, 1, 'testLevelFilterAndPrintingValuesInExcel')
data.setCell(10, 2, 'com.coursera.org.Test.LanguageLearningCourseCountTest')
data.setCell(10, 3, 2095);
window.suiteTableData['Suite']= { tableData: data, tableDiv: 'times-div-Suite'}
return data;
}
              </script>
              <span class="suite-total-time">Total running time: 3 minutes</span>
              <div id="times-div-Suite">
              </div> <!-- times-div-Suite -->
            </div> <!-- times-div -->
          </div> <!-- main-panel-content rounded-window-bottom -->
        </div> <!-- panel -->
        <div panel-name="times-Suite_(0)" class="panel">
          <div class="main-panel-header rounded-window-top">
            <span class="header-content">Times for Suite (0)</span>
          </div> <!-- main-panel-header rounded-window-top -->
          <div class="main-panel-content rounded-window-bottom">
            <div class="times-div">
              <script type="text/javascript">
suiteTableInitFunctions.push('tableData_Suite_(0)');
function tableData_Suite_(0)() {
var data = new google.visualization.DataTable();
data.addColumn('number', 'Number');
data.addColumn('string', 'Method');
data.addColumn('string', 'Class');
data.addColumn('number', 'Time (ms)');
data.addRows(13);
data.setCell(0, 0, 0)
data.setCell(0, 1, 'testLocateFormForRegressionTest')
data.setCell(0, 2, 'com.coursera.org.Test.FormFillingTestWithInvalidData')
data.setCell(0, 3, 24956);
data.setCell(1, 0, 1)
data.setCell(1, 1, 'testPassingInvalidDataIntoForm')
data.setCell(1, 2, 'com.coursera.org.Test.FormFillingTestWithInvalidData')
data.setCell(1, 3, 11347);
data.setCell(2, 0, 2)
data.setCell(2, 1, 'testPassingInvalidDataIntoForm')
data.setCell(2, 2, 'com.coursera.org.Test.FormFillingTestWithInvalidData')
data.setCell(2, 3, 10083);
data.setCell(3, 0, 3)
data.setCell(3, 1, 'testPassingInvalidDataIntoForm')
data.setCell(3, 2, 'com.coursera.org.Test.FormFillingTestWithInvalidData')
data.setCell(3, 3, 10079);
data.setCell(4, 0, 4)
data.setCell(4, 1, 'testPassingInvalidDataIntoForm')
data.setCell(4, 2, 'com.coursera.org.Test.FormFillingTestWithInvalidData')
data.setCell(4, 3, 10064);
data.setCell(5, 0, 5)
data.setCell(5, 1, 'testPassingInvalidDataIntoForm')
data.setCell(5, 2, 'com.coursera.org.Test.FormFillingTestWithInvalidData')
data.setCell(5, 3, 10055);
data.setCell(6, 0, 6)
data.setCell(6, 1, 'testPassingInvalidDataIntoForm')
data.setCell(6, 2, 'com.coursera.org.Test.FormFillingTestWithInvalidData')
data.setCell(6, 3, 10041);
data.setCell(7, 0, 7)
data.setCell(7, 1, 'testPassingInvalidDataIntoForm')
data.setCell(7, 2, 'com.coursera.org.Test.FormFillingTestWithInvalidData')
data.setCell(7, 3, 10040);
data.setCell(8, 0, 8)
data.setCell(8, 1, 'testPassingInvalidDataIntoForm')
data.setCell(8, 2, 'com.coursera.org.Test.FormFillingTestWithInvalidData')
data.setCell(8, 3, 10039);
data.setCell(9, 0, 9)
data.setCell(9, 1, 'testPassingInvalidDataIntoForm')
data.setCell(9, 2, 'com.coursera.org.Test.FormFillingTestWithInvalidData')
data.setCell(9, 3, 10035);
data.setCell(10, 0, 10)
data.setCell(10, 1, 'testPassingInvalidDataIntoForm')
data.setCell(10, 2, 'com.coursera.org.Test.FormFillingTestWithInvalidData')
data.setCell(10, 3, 10032);
data.setCell(11, 0, 11)
data.setCell(11, 1, 'testPassingInvalidDataIntoForm')
data.setCell(11, 2, 'com.coursera.org.Test.FormFillingTestWithInvalidData')
data.setCell(11, 3, 10031);
data.setCell(12, 0, 12)
data.setCell(12, 1, 'testPassingInvalidDataIntoForm')
data.setCell(12, 2, 'com.coursera.org.Test.FormFillingTestWithInvalidData')
data.setCell(12, 3, 10028);
window.suiteTableData['Suite_(0)']= { tableData: data, tableDiv: 'times-div-Suite_(0)'}
return data;
}
              </script>
              <span class="suite-total-time">Total running time: 2 minutes</span>
              <div id="times-div-Suite_(0)">
              </div> <!-- times-div-Suite_(0) -->
            </div> <!-- times-div -->
          </div> <!-- main-panel-content rounded-window-bottom -->
        </div> <!-- panel -->
        <div panel-name="reporter-Suite" class="panel">
          <div class="main-panel-header rounded-window-top">
            <span class="header-content">Reporter output for Suite</span>
          </div> <!-- main-panel-header rounded-window-top -->
          <div class="main-panel-content rounded-window-bottom">
            <div class="reporter-method-div">
              <span class="reporter-method-name">testFetchFirstCourseDetails</span>
              <div class="reporter-method-output-div">
                <span class="reporter-method-output"> </span>
                <span class="reporter-method-output">Details of First Course :</span>
                <span class="reporter-method-output"> </span>
                <span class="reporter-method-output">Course Name - Web Design for Everybody: Basics of Web Development & Coding</span>
                <span class="reporter-method-output">Course Rating - 4.7</span>
                <span class="reporter-method-output">Course Duration - Approximately 6 months to complete</span>
              </div> <!-- reporter-method-output-div -->
            </div> <!-- reporter-method-div -->
            <div class="reporter-method-div">
              <span class="reporter-method-name">testFetchSecondCourseDetails</span>
              <div class="reporter-method-output-div">
                <span class="reporter-method-output"> </span>
                <span class="reporter-method-output">Details of Second Course :</span>
                <span class="reporter-method-output"> </span>
                <span class="reporter-method-output">Course Name - Introduction to Web Development</span>
                <span class="reporter-method-output">Course Rating - 4.7</span>
                <span class="reporter-method-output">Course Duration - Approx. 22 hours to complete</span>
              </div> <!-- reporter-method-output-div -->
            </div> <!-- reporter-method-div -->
          </div> <!-- main-panel-content rounded-window-bottom -->
        </div> <!-- panel -->
        <div panel-name="reporter-Suite_(0)" class="panel">
          <div class="main-panel-header rounded-window-top">
            <span class="header-content">Reporter output for Suite (0)</span>
          </div> <!-- main-panel-header rounded-window-top -->
          <div class="main-panel-content rounded-window-bottom">
          </div> <!-- main-panel-content rounded-window-bottom -->
        </div> <!-- panel -->
        <div panel-name="ignored-methods-Suite" class="panel">
          <div class="main-panel-header rounded-window-top">
            <span class="header-content">0 ignored methods</span>
          </div> <!-- main-panel-header rounded-window-top -->
          <div class="main-panel-content rounded-window-bottom">
          </div> <!-- main-panel-content rounded-window-bottom -->
        </div> <!-- panel -->
        <div panel-name="ignored-methods-Suite_(0)" class="panel">
          <div class="main-panel-header rounded-window-top">
            <span class="header-content">0 ignored methods</span>
          </div> <!-- main-panel-header rounded-window-top -->
          <div class="main-panel-content rounded-window-bottom">
          </div> <!-- main-panel-content rounded-window-bottom -->
        </div> <!-- panel -->
        <div panel-name="chronological-Suite" class="panel">
          <div class="main-panel-header rounded-window-top">
            <span class="header-content">Methods in chronological order</span>
          </div> <!-- main-panel-header rounded-window-top -->
          <div class="main-panel-content rounded-window-bottom">
            <div class="chronological-class">
              <div class="chronological-class-name">com.coursera.org.Test.TestSetup</div> <!-- chronological-class-name -->
              <div class="configuration-suite before">
                <span class="method-name">initialiseSetUp</span>
                <span class="method-start">0 ms</span>
              </div> <!-- configuration-suite before -->
              <div class="test-method">
                <span class="method-name">beforeGroupStatementSmoke</span>
                <span class="method-start">30619 ms</span>
              </div> <!-- test-method -->
            </div> <!-- chronological-class -->
            <div class="chronological-class">
              <div class="chronological-class-name">com.coursera.org.Test.IdentifyCoursesTest$validateIdentifyCourses</div> <!-- chronological-class-name -->
              <div class="test-method">
                <span class="method-name">testSearchingWebDevelopmentCourse</span>
                <span class="method-start">30619 ms</span>
              </div> <!-- test-method -->
              <div class="test-method">
                <span class="method-name">testApplyLanguagefilterAsEnglish</span>
                <span class="method-start">76183 ms</span>
              </div> <!-- test-method -->
              <div class="test-method">
                <span class="method-name">testApplyLevelfilterAsBeginner</span>
                <span class="method-start">94765 ms</span>
              </div> <!-- test-method -->
              <div class="test-method">
                <span class="method-name">testFetchFirstCourseDetails</span>
                <span class="method-start">101408 ms</span>
              </div> <!-- test-method -->
              <div class="test-method">
                <span class="method-name">testFetchSecondCourseDetails</span>
                <span class="method-start">111491 ms</span>
              </div> <!-- test-method -->
              <div class="test-method">
                <span class="method-name">returnHomePage</span>
                <span class="method-start">150159 ms</span>
              </div> <!-- test-method -->
            </div> <!-- chronological-class -->
            <div class="chronological-class">
              <div class="chronological-class-name">com.coursera.org.Test.LanguageLearningCourseCountTest</div> <!-- chronological-class-name -->
              <div class="test-method">
                <span class="method-name">testLoadLanguageLearningPage</span>
                <span class="method-start">156376 ms</span>
              </div> <!-- test-method -->
              <div class="test-method">
                <span class="method-name">testLanguageFilterAndPrintingValuesInExcel</span>
                <span class="method-start">169194 ms</span>
              </div> <!-- test-method -->
              <div class="test-method">
                <span class="method-name">testLevelFilterAndPrintingValuesInExcel</span>
                <span class="method-start">192295 ms</span>
              </div> <!-- test-method -->
            </div> <!-- chronological-class -->
            <div class="chronological-class">
              <div class="chronological-class-name">com.coursera.org.Test.FormFillingTestWithValidData</div> <!-- chronological-class-name -->
              <div class="test-method">
                <img src="failed.png">
                </img>
                <span class="method-name">testLocateFormForSmokeTest</span>
                <span class="method-start">194391 ms</span>
              </div> <!-- test-method -->
              <div class="test-method">
                <img src="failed.png">
                </img>
                <span class="method-name">testPassValidDetails</span>
                <span class="method-start">218575 ms</span>
              </div> <!-- test-method -->
            </div> <!-- chronological-class -->
            <div class="chronological-class">
              <div class="chronological-class-name">com.coursera.org.Test.TestSetup</div> <!-- chronological-class-name -->
              <div class="test-method">
                <span class="method-name">resultStatementsSmoke</span>
                <span class="method-start">229445 ms</span>
              </div> <!-- test-method -->
              <div class="configuration-suite after">
                <span class="method-name">tearDown</span>
                <span class="method-start">230074 ms</span>
              </div> <!-- configuration-suite after -->
          </div> <!-- main-panel-content rounded-window-bottom -->
        </div> <!-- panel -->
        <div panel-name="chronological-Suite_(0)" class="panel">
          <div class="main-panel-header rounded-window-top">
            <span class="header-content">Methods in chronological order</span>
          </div> <!-- main-panel-header rounded-window-top -->
          <div class="main-panel-content rounded-window-bottom">
            <div class="chronological-class">
              <div class="chronological-class-name">com.coursera.org.Test.TestSetup</div> <!-- chronological-class-name -->
              <div class="configuration-suite before">
                <span class="method-name">initialiseSetUp</span>
                <span class="method-start">0 ms</span>
              </div> <!-- configuration-suite before -->
              <div class="test-method">
                <span class="method-name">beforeGroupStatementRegression</span>
                <span class="method-start">24655 ms</span>
              </div> <!-- test-method -->
            </div> <!-- chronological-class -->
            <div class="chronological-class">
              <div class="chronological-class-name">com.coursera.org.Test.FormFillingTestWithInvalidData</div> <!-- chronological-class-name -->
              <div class="test-method">
                <img src="failed.png">
                </img>
                <span class="method-name">testLocateFormForRegressionTest</span>
                <span class="method-start">24655 ms</span>
              </div> <!-- test-method -->
              <div class="test-method">
                <img src="failed.png">
                </img>
                <span class="method-name">testPassingInvalidDataIntoForm(, Vijay, Dean, Programmer, webster75@example.com, 916127938339, IIT Madras, Government, Computer Sci...)</span>
                <span class="method-start">49624 ms</span>
              </div> <!-- test-method -->
              <div class="test-method">
                <img src="failed.png">
                </img>
                <span class="method-name">testPassingInvalidDataIntoForm(Ajith, , Dean, Programmer, webster75@example.com, 916127938339, IIT Madras, Government, Computer Sci...)</span>
                <span class="method-start">60973 ms</span>
              </div> <!-- test-method -->
              <div class="test-method">
                <img src="failed.png">
                </img>
                <span class="method-name">testPassingInvalidDataIntoForm(Ajith, Vijay, Select..., Programmer, webster75@example.com, 916127938339, IIT Madras, Government, Co...)</span>
                <span class="method-start">71016 ms</span>
              </div> <!-- test-method -->
              <div class="test-method">
                <img src="failed.png">
                </img>
                <span class="method-name">testPassingInvalidDataIntoForm(Ajith, Vijay, Dean, , webster75@example.com, 916127938339, IIT Madras, Government, Computer Science,...)</span>
                <span class="method-start">81056 ms</span>
              </div> <!-- test-method -->
              <div class="test-method">
                <img src="failed.png">
                </img>
                <span class="method-name">testPassingInvalidDataIntoForm(Ajith, Vijay, Dean, Programmer, , 916127938339, IIT Madras, Government, Computer Science, India, Tam...)</span>
                <span class="method-start">91138 ms</span>
              </div> <!-- test-method -->
              <div class="test-method">
                <img src="failed.png">
                </img>
                <span class="method-name">testPassingInvalidDataIntoForm(Ajith, Vijay, Dean, Programmer, webster75@example.com, , IIT Madras, Government, Computer Science, I...)</span>
                <span class="method-start">101172 ms</span>
              </div> <!-- test-method -->
              <div class="test-method">
                <img src="failed.png">
                </img>
                <span class="method-name">testPassingInvalidDataIntoForm(Ajith, Vijay, Dean, Programmer, webster75@example.com, 916127938339, , Government, Computer Science,...)</span>
                <span class="method-start">111228 ms</span>
              </div> <!-- test-method -->
              <div class="test-method">
                <img src="failed.png">
                </img>
                <span class="method-name">testPassingInvalidDataIntoForm(Ajith, Vijay, Dean, Programmer, webster75@example.com, 916127938339, IIT Madras, Select..., Computer...)</span>
                <span class="method-start">121296 ms</span>
              </div> <!-- test-method -->
              <div class="test-method">
                <img src="failed.png">
                </img>
                <span class="method-name">testPassingInvalidDataIntoForm(Ajith, Vijay, Dean, Programmer, webster75@example.com, 916127938339, IIT Madras, Government, Select....)</span>
                <span class="method-start">131383 ms</span>
              </div> <!-- test-method -->
              <div class="test-method">
                <img src="failed.png">
                </img>
                <span class="method-name">testPassingInvalidDataIntoForm(Ajith, Vijay, Dean, Programmer, webster75@example.com, 916127938339, IIT Madras, Government, Compute...)</span>
                <span class="method-start">141426 ms</span>
              </div> <!-- test-method -->
              <div class="test-method">
                <img src="failed.png">
                </img>
                <span class="method-name">testPassingInvalidDataIntoForm(Ajith, Vijay, Dean, Programmer, webster75@example.com, 916127938339, IIT Madras, Government, Compute...)</span>
                <span class="method-start">151459 ms</span>
              </div> <!-- test-method -->
              <div class="test-method">
                <img src="failed.png">
                </img>
                <span class="method-name">testPassingInvalidDataIntoForm(Ajith, Vijay, Dean, Programmer, webster75@example.com, 916127938339, IIT Madras, Government, Compute...)</span>
                <span class="method-start">161503 ms</span>
              </div> <!-- test-method -->
            </div> <!-- chronological-class -->
            <div class="chronological-class">
              <div class="chronological-class-name">com.coursera.org.Test.TestSetup</div> <!-- chronological-class-name -->
              <div class="test-method">
                <span class="method-name">resultStatementsRegression</span>
                <span class="method-start">171538 ms</span>
              </div> <!-- test-method -->
              <div class="configuration-suite after">
                <span class="method-name">tearDown</span>
                <span class="method-start">171741 ms</span>
              </div> <!-- configuration-suite after -->
          </div> <!-- main-panel-content rounded-window-bottom -->
        </div> <!-- panel -->
      </div> <!-- main-panel-root -->
    </div> <!-- wrapper -->
  </body>
</html>
